Using pre-set license
Built from '2020.3/release' branch; Version is '2020.3.15f2 (6cf78cb77498) revision 7141260'; Using compiler version '192528614'; Build Type 'Release'
OS: 'Windows 10 Pro for Workstations; OS build 19042.1165; Version 2009; 64bit' Language: 'es' Physical Memory: 7369 MB
BatchMode: 1, IsHumanControllingUs: 0, StartBugReporterOnCrash: 0, Is64bit: 1, IsPro: 0

 COMMAND LINE ARGUMENTS:
C:\Program Files\Unity\Hub\Editor\2020.3.15f2\Editor\Unity.exe
-adb2
-batchMode
-noUpm
-name
AssetImportWorker6
-projectPath
C:/Users/arwih/Desktop/RVA/reconocimientoPlanos
-logFile
Logs/AssetImportWorker6.log
-srvPort
64244
Successfully changed project path to: C:/Users/arwih/Desktop/RVA/reconocimientoPlanos
C:/Users/arwih/Desktop/RVA/reconocimientoPlanos
Using Asset Import Pipeline V2.
Refreshing native plugins compatible for Editor in 287.98 ms, found 2 plugins.
Preloading 0 native plugins for Editor in 0.00 ms.
Initialize engine version: 2020.3.15f2 (6cf78cb77498)
[Subsystems] Discovering subsystems at path C:/Program Files/Unity/Hub/Editor/2020.3.15f2/Editor/Data/Resources/UnitySubsystems
[Subsystems] Discovering subsystems at path C:/Users/arwih/Desktop/RVA/reconocimientoPlanos/Assets
GfxDevice: creating device client; threaded=0
Direct3D:
    Version:  Direct3D 11.0 [level 11.0]
    Renderer: AMD Radeon HD 8550G (ID=0x990d)
    Vendor:   
    VRAM:     736 MB
    Driver:   15.201.1301.0
Initialize mono
Mono path[0] = 'C:/Program Files/Unity/Hub/Editor/2020.3.15f2/Editor/Data/Managed'
Mono path[1] = 'C:/Program Files/Unity/Hub/Editor/2020.3.15f2/Editor/Data/MonoBleedingEdge/lib/mono/unityjit'
Mono config path = 'C:/Program Files/Unity/Hub/Editor/2020.3.15f2/Editor/Data/MonoBleedingEdge/etc'
Using monoOptions --debugger-agent=transport=dt_socket,embedding=1,server=y,suspend=n,address=127.0.0.1:56924
Begin MonoManager ReloadAssembly
Registering precompiled unity dll's ...
Register platform support module: C:/Program Files/Unity/Hub/Editor/2020.3.15f2/Editor/Data/PlaybackEngines/WindowsStandaloneSupport/UnityEditor.WindowsStandalone.Extensions.dll
Registered in 0.005248 seconds.
Native extension for WindowsStandalone target not found
Refreshing native plugins compatible for Editor in 101.06 ms, found 2 plugins.
Preloading 0 native plugins for Editor in 0.00 ms.
Mono: successfully reloaded assembly
- Completed reload, in  6.598 seconds
Domain Reload Profiling:
	ReloadAssembly (6599ms)
		BeginReloadAssembly (229ms)
			ExecutionOrderSort (0ms)
			DisableScriptedObjects (0ms)
			BackupInstance (0ms)
			ReleaseScriptingObjects (0ms)
			CreateAndSetChildDomain (2ms)
		EndReloadAssembly (1353ms)
			LoadAssemblies (222ms)
			RebuildTransferFunctionScriptingTraits (0ms)
			SetupTypeCache (469ms)
			ReleaseScriptCaches (0ms)
			RebuildScriptCaches (120ms)
			SetupLoadedEditorAssemblies (513ms)
				LogAssemblyErrors (0ms)
				InitializePlatformSupportModulesInManaged (13ms)
				SetLoadedEditorAssemblies (1ms)
				RefreshPlugins (101ms)
				BeforeProcessingInitializeOnLoad (18ms)
				ProcessInitializeOnLoadAttributes (266ms)
				ProcessInitializeOnLoadMethodAttributes (114ms)
				AfterProcessingInitializeOnLoad (0ms)
				EditorAssembliesLoaded (0ms)
			ExecutionOrderSort2 (0ms)
			AwakeInstancesAfterBackupRestoration (0ms)
Platform modules already initialized, skipping
Registering precompiled user dll's ...
Registered in 0.016274 seconds.
Begin MonoManager ReloadAssembly
Native extension for WindowsStandalone target not found
Refreshing native plugins compatible for Editor in 1.41 ms, found 2 plugins.
Preloading 0 native plugins for Editor in 0.00 ms.
Mono: successfully reloaded assembly
- Completed reload, in  3.343 seconds
Domain Reload Profiling:
	ReloadAssembly (3345ms)
		BeginReloadAssembly (395ms)
			ExecutionOrderSort (0ms)
			DisableScriptedObjects (37ms)
			BackupInstance (0ms)
			ReleaseScriptingObjects (0ms)
			CreateAndSetChildDomain (41ms)
		EndReloadAssembly (2771ms)
			LoadAssemblies (212ms)
			RebuildTransferFunctionScriptingTraits (0ms)
			SetupTypeCache (936ms)
			ReleaseScriptCaches (2ms)
			RebuildScriptCaches (129ms)
			SetupLoadedEditorAssemblies (1211ms)
				LogAssemblyErrors (0ms)
				InitializePlatformSupportModulesInManaged (12ms)
				SetLoadedEditorAssemblies (1ms)
				RefreshPlugins (2ms)
				BeforeProcessingInitializeOnLoad (171ms)
				ProcessInitializeOnLoadAttributes (997ms)
				ProcessInitializeOnLoadMethodAttributes (10ms)
				AfterProcessingInitializeOnLoad (17ms)
				EditorAssembliesLoaded (0ms)
			ExecutionOrderSort2 (0ms)
			AwakeInstancesAfterBackupRestoration (14ms)
Platform modules already initialized, skipping
========================================================================
Worker process is ready to serve import requests
Launched and connected shader compiler UnityShaderCompiler.exe after 0.19 seconds
Refreshing native plugins compatible for Editor in 0.84 ms, found 2 plugins.
Preloading 0 native plugins for Editor in 0.00 ms.
Unloading 1742 Unused Serialized files (Serialized files now loaded: 0)
System memory in use before: 76.3 MB.
System memory in use after: 76.4 MB.

Unloading 21 unused Assets to reduce memory usage. Loaded Objects now: 2175.
Total: 11.296400 ms (FindLiveObjects: 0.525900 ms CreateObjectMapping: 0.163300 ms MarkObjects: 10.368600 ms  DeleteObjects: 0.235600 ms)

AssetImportParameters requested are different than current active one (requested -> active):
  custom:framework-win-MediaFoundation: 216162199b28c13a410421893ffa2e32 -> 
  custom:video-decoder-ogg-theora: a1e56fd34408186e4bbccfd4996cb3dc -> 
  custom:container-muxer-webm: aa71ff27fc2769a1b78a27578f13a17b -> 
  custom:container-demuxer-webm: 4f35f7cbe854078d1ac9338744f61a02 -> 
  custom:container-demuxer-ogg: 62fdf1f143b41e24485cea50d1cbac27 -> 
  custom:video-encoder-webm-vp8: eb34c28f22e8b96e1ab97ce403110664 -> 
  custom:video-decoder-webm-vp8: 9c59270c3fd7afecdb556c50c9e8de78 -> 
  custom:audio-decoder-ogg-vorbis: bf7c407c2cedff20999df2af8eb42d56 -> 
  custom:audio-encoder-webm-vorbis: bf7c407c2cedff20999df2af8eb42d56 -> 
========================================================================
Received Import Request.
  path: Assets/Prefab/AR Default Point Cloud.prefab
  artifactKey: Guid(30030affdae658d42a706dc6b01d20d7) Importer(815301076,1909f56bfc062723c751e8b465ee728b)
Start importing Assets/Prefab/AR Default Point Cloud.prefab using Guid(30030affdae658d42a706dc6b01d20d7) Importer(815301076,1909f56bfc062723c751e8b465ee728b)  -> (artifact id: '7c6b954815c23682addf66b7e6a62778') in 0.466761 seconds 
  Import took 0.473872 seconds .

========================================================================
Received Import Request.
  Time since last request: 0.000403 seconds.
  path: Assets/Prefab/AR Default Plane.prefab
  artifactKey: Guid(e8f340e9411146044b6eda1a956291f8) Importer(815301076,1909f56bfc062723c751e8b465ee728b)
Start importing Assets/Prefab/AR Default Plane.prefab using Guid(e8f340e9411146044b6eda1a956291f8) Importer(815301076,1909f56bfc062723c751e8b465ee728b)  -> (artifact id: 'a0c22b5ad2675eb16873544ea4cc0bcc') in 0.106688 seconds 
  Import took 0.113819 seconds .

========================================================================
Received Prepare
Registering precompiled user dll's ...
Registered in 0.038331 seconds.
Begin MonoManager ReloadAssembly
Native extension for WindowsStandalone target not found
Refreshing native plugins compatible for Editor in 0.85 ms, found 2 plugins.
Preloading 0 native plugins for Editor in 0.00 ms.
Mono: successfully reloaded assembly
- Completed reload, in  6.227 seconds
Domain Reload Profiling:
	ReloadAssembly (6228ms)
		BeginReloadAssembly (585ms)
			ExecutionOrderSort (0ms)
			DisableScriptedObjects (31ms)
			BackupInstance (0ms)
			ReleaseScriptingObjects (0ms)
			CreateAndSetChildDomain (178ms)
		EndReloadAssembly (5169ms)
			LoadAssemblies (630ms)
			RebuildTransferFunctionScriptingTraits (0ms)
			SetupTypeCache (3226ms)
			ReleaseScriptCaches (2ms)
			RebuildScriptCaches (149ms)
			SetupLoadedEditorAssemblies (873ms)
				LogAssemblyErrors (0ms)
				InitializePlatformSupportModulesInManaged (10ms)
				SetLoadedEditorAssemblies (1ms)
				RefreshPlugins (1ms)
				BeforeProcessingInitializeOnLoad (135ms)
				ProcessInitializeOnLoadAttributes (701ms)
				ProcessInitializeOnLoadMethodAttributes (9ms)
				AfterProcessingInitializeOnLoad (17ms)
				EditorAssembliesLoaded (0ms)
			ExecutionOrderSort2 (0ms)
			AwakeInstancesAfterBackupRestoration (15ms)
Platform modules already initialized, skipping
Switching build target platform(19) subTarget(0) extendedPlatform(0) -> platform(13) subTarget(537395200) extendedPlatform(0)
Refreshing native plugins compatible for Editor in 1.46 ms, found 2 plugins.
Preloading 0 native plugins for Editor in 0.00 ms.
Unloading 1737 Unused Serialized files (Serialized files now loaded: 0)
System memory in use before: 79.2 MB.
System memory in use after: 79.3 MB.

Unloading 18 unused Assets to reduce memory usage. Loaded Objects now: 2187.
Total: 5.016800 ms (FindLiveObjects: 0.467400 ms CreateObjectMapping: 0.127800 ms MarkObjects: 4.260300 ms  DeleteObjects: 0.158700 ms)

AssetImportParameters requested are different than current active one (requested -> active):
  custom:framework-win-MediaFoundation: 216162199b28c13a410421893ffa2e32 -> 
  custom:video-decoder-ogg-theora: a1e56fd34408186e4bbccfd4996cb3dc -> 
  custom:container-muxer-webm: aa71ff27fc2769a1b78a27578f13a17b -> 
  custom:container-demuxer-webm: 4f35f7cbe854078d1ac9338744f61a02 -> 
  custom:container-demuxer-ogg: 62fdf1f143b41e24485cea50d1cbac27 -> 
  custom:video-encoder-webm-vp8: eb34c28f22e8b96e1ab97ce403110664 -> 
  custom:video-decoder-webm-vp8: 9c59270c3fd7afecdb556c50c9e8de78 -> 
  custom:graphics/normal-map-encoding: 01000000000000000000000000000000 -> 02000000000000000000000000000000
  custom:audio-decoder-ogg-vorbis: bf7c407c2cedff20999df2af8eb42d56 -> 
  custom:audio-encoder-webm-vorbis: bf7c407c2cedff20999df2af8eb42d56 -> 
========================================================================
Received Import Request.
  Time since last request: 37.208636 seconds.
  path: Assets/Prefab/SpawnableManager.cs
  artifactKey: Guid(8d518c6eb7250c64da7bfacd74004e4f) Importer(815301076,1909f56bfc062723c751e8b465ee728b)
Start importing Assets/Prefab/SpawnableManager.cs using Guid(8d518c6eb7250c64da7bfacd74004e4f) Importer(815301076,1909f56bfc062723c751e8b465ee728b)  -> (artifact id: 'c729063ba3533bf8d895f9ada4a32508') in 0.032311 seconds 
  Import took 0.040129 seconds .

========================================================================
Received Prepare
Registering precompiled user dll's ...
Registered in 0.013318 seconds.
Begin MonoManager ReloadAssembly
Native extension for WindowsStandalone target not found
Refreshing native plugins compatible for Editor in 0.84 ms, found 2 plugins.
Preloading 0 native plugins for Editor in 0.00 ms.
Mono: successfully reloaded assembly
- Completed reload, in  3.287 seconds
Domain Reload Profiling:
	ReloadAssembly (3288ms)
		BeginReloadAssembly (529ms)
			ExecutionOrderSort (0ms)
			DisableScriptedObjects (11ms)
			BackupInstance (0ms)
			ReleaseScriptingObjects (0ms)
			CreateAndSetChildDomain (252ms)
		EndReloadAssembly (2520ms)
			LoadAssemblies (238ms)
			RebuildTransferFunctionScriptingTraits (1ms)
			SetupTypeCache (777ms)
			ReleaseScriptCaches (3ms)
			RebuildScriptCaches (109ms)
			SetupLoadedEditorAssemblies (1073ms)
				LogAssemblyErrors (0ms)
				InitializePlatformSupportModulesInManaged (12ms)
				SetLoadedEditorAssemblies (2ms)
				RefreshPlugins (1ms)
				BeforeProcessingInitializeOnLoad (182ms)
				ProcessInitializeOnLoadAttributes (820ms)
				ProcessInitializeOnLoadMethodAttributes (19ms)
				AfterProcessingInitializeOnLoad (36ms)
				EditorAssembliesLoaded (1ms)
			ExecutionOrderSort2 (0ms)
			AwakeInstancesAfterBackupRestoration (28ms)
Platform modules already initialized, skipping
Switching build target platform(19) subTarget(0) extendedPlatform(0) -> platform(13) subTarget(537395200) extendedPlatform(0)
Refreshing native plugins compatible for Editor in 2.34 ms, found 2 plugins.
Preloading 0 native plugins for Editor in 0.00 ms.
Unloading 1738 Unused Serialized files (Serialized files now loaded: 0)
System memory in use before: 79.3 MB.
System memory in use after: 79.4 MB.

Unloading 16 unused Assets to reduce memory usage. Loaded Objects now: 2192.
Total: 12.178700 ms (FindLiveObjects: 0.495600 ms CreateObjectMapping: 0.153200 ms MarkObjects: 11.356800 ms  DeleteObjects: 0.170100 ms)

AssetImportParameters requested are different than current active one (requested -> active):
  custom:framework-win-MediaFoundation: 216162199b28c13a410421893ffa2e32 -> 
  custom:video-decoder-ogg-theora: a1e56fd34408186e4bbccfd4996cb3dc -> 
  custom:container-muxer-webm: aa71ff27fc2769a1b78a27578f13a17b -> 
  custom:container-demuxer-webm: 4f35f7cbe854078d1ac9338744f61a02 -> 
  custom:container-demuxer-ogg: 62fdf1f143b41e24485cea50d1cbac27 -> 
  custom:video-encoder-webm-vp8: eb34c28f22e8b96e1ab97ce403110664 -> 
  custom:video-decoder-webm-vp8: 9c59270c3fd7afecdb556c50c9e8de78 -> 
  custom:graphics/normal-map-encoding: 01000000000000000000000000000000 -> 02000000000000000000000000000000
  custom:audio-decoder-ogg-vorbis: bf7c407c2cedff20999df2af8eb42d56 -> 
  custom:audio-encoder-webm-vorbis: bf7c407c2cedff20999df2af8eb42d56 -> 
========================================================================
Received Import Request.
  Time since last request: 997.280206 seconds.
  path: Assets/Prefab/PlaceOnPlane.cs
  artifactKey: Guid(f351c56c6d0803c469f0a49731e64f32) Importer(815301076,1909f56bfc062723c751e8b465ee728b)
Start importing Assets/Prefab/PlaceOnPlane.cs using Guid(f351c56c6d0803c469f0a49731e64f32) Importer(815301076,1909f56bfc062723c751e8b465ee728b)  -> (artifact id: '08a954a50c44693ec535cdabb085fa20') in 0.055383 seconds 
  Import took 0.061844 seconds .

========================================================================
Received Import Request.
  Time since last request: 0.030798 seconds.
  path: Assets/Prefab/PlaceOnPlane.cs
  artifactKey: Guid(f351c56c6d0803c469f0a49731e64f32) Importer(815301076,1909f56bfc062723c751e8b465ee728b)
Start importing Assets/Prefab/PlaceOnPlane.cs using Guid(f351c56c6d0803c469f0a49731e64f32) Importer(815301076,1909f56bfc062723c751e8b465ee728b)  -> (artifact id: '08a954a50c44693ec535cdabb085fa20') in 0.015810 seconds 
  Import took 0.022860 seconds .

========================================================================
Received Prepare
Registering precompiled user dll's ...
Registered in 0.012527 seconds.
Begin MonoManager ReloadAssembly
Native extension for WindowsStandalone target not found
Refreshing native plugins compatible for Editor in 1.59 ms, found 2 plugins.
Preloading 0 native plugins for Editor in 0.00 ms.
Mono: successfully reloaded assembly
- Completed reload, in  5.918 seconds
Domain Reload Profiling:
	ReloadAssembly (5919ms)
		BeginReloadAssembly (340ms)
			ExecutionOrderSort (0ms)
			DisableScriptedObjects (15ms)
			BackupInstance (0ms)
			ReleaseScriptingObjects (0ms)
			CreateAndSetChildDomain (94ms)
		EndReloadAssembly (4477ms)
			LoadAssemblies (640ms)
			RebuildTransferFunctionScriptingTraits (0ms)
			SetupTypeCache (1461ms)
			ReleaseScriptCaches (16ms)
			RebuildScriptCaches (425ms)
			SetupLoadedEditorAssemblies (1316ms)
				LogAssemblyErrors (0ms)
				InitializePlatformSupportModulesInManaged (13ms)
				SetLoadedEditorAssemblies (1ms)
				RefreshPlugins (2ms)
				BeforeProcessingInitializeOnLoad (285ms)
				ProcessInitializeOnLoadAttributes (981ms)
				ProcessInitializeOnLoadMethodAttributes (11ms)
				AfterProcessingInitializeOnLoad (23ms)
				EditorAssembliesLoaded (1ms)
			ExecutionOrderSort2 (0ms)
			AwakeInstancesAfterBackupRestoration (20ms)
Platform modules already initialized, skipping
Switching build target platform(19) subTarget(0) extendedPlatform(0) -> platform(13) subTarget(537395200) extendedPlatform(0)
Refreshing native plugins compatible for Editor in 1.72 ms, found 2 plugins.
Preloading 0 native plugins for Editor in 0.00 ms.
Unloading 1737 Unused Serialized files (Serialized files now loaded: 0)
System memory in use before: 79.3 MB.
System memory in use after: 79.4 MB.

Unloading 17 unused Assets to reduce memory usage. Loaded Objects now: 2195.
Total: 6.153500 ms (FindLiveObjects: 0.632200 ms CreateObjectMapping: 0.176900 ms MarkObjects: 5.197400 ms  DeleteObjects: 0.145000 ms)

AssetImportParameters requested are different than current active one (requested -> active):
  custom:framework-win-MediaFoundation: 216162199b28c13a410421893ffa2e32 -> 
  custom:video-decoder-ogg-theora: a1e56fd34408186e4bbccfd4996cb3dc -> 
  custom:container-muxer-webm: aa71ff27fc2769a1b78a27578f13a17b -> 
  custom:container-demuxer-webm: 4f35f7cbe854078d1ac9338744f61a02 -> 
  custom:container-demuxer-ogg: 62fdf1f143b41e24485cea50d1cbac27 -> 
  custom:video-encoder-webm-vp8: eb34c28f22e8b96e1ab97ce403110664 -> 
  custom:video-decoder-webm-vp8: 9c59270c3fd7afecdb556c50c9e8de78 -> 
  custom:graphics/normal-map-encoding: 01000000000000000000000000000000 -> 02000000000000000000000000000000
  custom:audio-decoder-ogg-vorbis: bf7c407c2cedff20999df2af8eb42d56 -> 
  custom:audio-encoder-webm-vorbis: bf7c407c2cedff20999df2af8eb42d56 -> 
========================================================================
Received Prepare
Switching build target platform(13) subTarget(537395200) extendedPlatform(0) -> platform(13) subTarget(524288) extendedPlatform(0)
Refreshing native plugins compatible for Editor in 15.15 ms, found 2 plugins.
Preloading 0 native plugins for Editor in 0.00 ms.
Unloading 13 Unused Serialized files (Serialized files now loaded: 0)
System memory in use before: 45.0 MB.
System memory in use after: 45.1 MB.

Unloading 13 unused Assets to reduce memory usage. Loaded Objects now: 2195.
Total: 7.506000 ms (FindLiveObjects: 0.536300 ms CreateObjectMapping: 0.147700 ms MarkObjects: 6.650500 ms  DeleteObjects: 0.168600 ms)

AssetImportParameters requested are different than current active one (requested -> active):
  buildTarget: platform 13, subtarget 524288, extendedPlatform 0 -> platform 13, subtarget 537395200, extendedPlatform 0
  graphicsApiMask: 2048 -> 2099200
  custom:framework-win-MediaFoundation: 216162199b28c13a410421893ffa2e32 -> 
  custom:video-decoder-ogg-theora: a1e56fd34408186e4bbccfd4996cb3dc -> 
  custom:container-muxer-webm: aa71ff27fc2769a1b78a27578f13a17b -> 
  custom:container-demuxer-webm: 4f35f7cbe854078d1ac9338744f61a02 -> 
  custom:container-demuxer-ogg: 62fdf1f143b41e24485cea50d1cbac27 -> 
  custom:video-encoder-webm-vp8: eb34c28f22e8b96e1ab97ce403110664 -> 
  custom:video-decoder-webm-vp8: 9c59270c3fd7afecdb556c50c9e8de78 -> 
  custom:audio-decoder-ogg-vorbis: bf7c407c2cedff20999df2af8eb42d56 -> 
  custom:audio-encoder-webm-vorbis: bf7c407c2cedff20999df2af8eb42d56 -> 
========================================================================
Received Prepare
Refreshing native plugins compatible for Editor in 10.44 ms, found 2 plugins.
Preloading 0 native plugins for Editor in 0.00 ms.
Unloading 13 Unused Serialized files (Serialized files now loaded: 0)
System memory in use before: 45.0 MB.
System memory in use after: 45.1 MB.

Unloading 12 unused Assets to reduce memory usage. Loaded Objects now: 2196.
Total: 20.432700 ms (FindLiveObjects: 10.143100 ms CreateObjectMapping: 0.154400 ms MarkObjects: 9.999600 ms  DeleteObjects: 0.132700 ms)

AssetImportParameters requested are different than current active one (requested -> active):
  custom:framework-win-MediaFoundation: 216162199b28c13a410421893ffa2e32 -> 
  custom:video-decoder-ogg-theora: a1e56fd34408186e4bbccfd4996cb3dc -> 
  custom:container-muxer-webm: aa71ff27fc2769a1b78a27578f13a17b -> 
  custom:container-demuxer-webm: 4f35f7cbe854078d1ac9338744f61a02 -> 
  custom:container-demuxer-ogg: 62fdf1f143b41e24485cea50d1cbac27 -> 
  custom:video-encoder-webm-vp8: eb34c28f22e8b96e1ab97ce403110664 -> 
  custom:video-decoder-webm-vp8: 9c59270c3fd7afecdb556c50c9e8de78 -> 
  custom:audio-decoder-ogg-vorbis: bf7c407c2cedff20999df2af8eb42d56 -> 
  custom:audio-encoder-webm-vorbis: bf7c407c2cedff20999df2af8eb42d56 -> 
========================================================================
Received Prepare
Registering precompiled user dll's ...
Registered in 0.058049 seconds.
Begin MonoManager ReloadAssembly
Native extension for WindowsStandalone target not found
Refreshing native plugins compatible for Editor in 0.80 ms, found 2 plugins.
Preloading 0 native plugins for Editor in 0.00 ms.
Mono: successfully reloaded assembly
- Completed reload, in  3.488 seconds
Domain Reload Profiling:
	ReloadAssembly (3489ms)
		BeginReloadAssembly (523ms)
			ExecutionOrderSort (0ms)
			DisableScriptedObjects (12ms)
			BackupInstance (0ms)
			ReleaseScriptingObjects (0ms)
			CreateAndSetChildDomain (73ms)
		EndReloadAssembly (2743ms)
			LoadAssemblies (529ms)
			RebuildTransferFunctionScriptingTraits (0ms)
			SetupTypeCache (850ms)
			ReleaseScriptCaches (2ms)
			RebuildScriptCaches (165ms)
			SetupLoadedEditorAssemblies (1089ms)
				LogAssemblyErrors (0ms)
				InitializePlatformSupportModulesInManaged (11ms)
				SetLoadedEditorAssemblies (1ms)
				RefreshPlugins (1ms)
				BeforeProcessingInitializeOnLoad (198ms)
				ProcessInitializeOnLoadAttributes (848ms)
				ProcessInitializeOnLoadMethodAttributes (9ms)
				AfterProcessingInitializeOnLoad (20ms)
				EditorAssembliesLoaded (1ms)
			ExecutionOrderSort2 (0ms)
			AwakeInstancesAfterBackupRestoration (20ms)
Platform modules already initialized, skipping
Switching build target platform(19) subTarget(0) extendedPlatform(0) -> platform(13) subTarget(524288) extendedPlatform(0)
Refreshing native plugins compatible for Editor in 0.86 ms, found 2 plugins.
Preloading 0 native plugins for Editor in 0.00 ms.
Unloading 1736 Unused Serialized files (Serialized files now loaded: 0)
System memory in use before: 79.3 MB.
System memory in use after: 79.4 MB.

Unloading 15 unused Assets to reduce memory usage. Loaded Objects now: 2200.
Total: 5.184200 ms (FindLiveObjects: 0.497300 ms CreateObjectMapping: 0.127700 ms MarkObjects: 4.426800 ms  DeleteObjects: 0.129500 ms)

AssetImportParameters requested are different than current active one (requested -> active):
  custom:framework-win-MediaFoundation: 216162199b28c13a410421893ffa2e32 -> 
  custom:video-decoder-ogg-theora: a1e56fd34408186e4bbccfd4996cb3dc -> 
  custom:container-muxer-webm: aa71ff27fc2769a1b78a27578f13a17b -> 
  custom:container-demuxer-webm: 4f35f7cbe854078d1ac9338744f61a02 -> 
  custom:container-demuxer-ogg: 62fdf1f143b41e24485cea50d1cbac27 -> 
  custom:video-encoder-webm-vp8: eb34c28f22e8b96e1ab97ce403110664 -> 
  custom:video-decoder-webm-vp8: 9c59270c3fd7afecdb556c50c9e8de78 -> 
  custom:graphics/normal-map-encoding: 01000000000000000000000000000000 -> 02000000000000000000000000000000
  custom:audio-decoder-ogg-vorbis: bf7c407c2cedff20999df2af8eb42d56 -> 
  custom:audio-encoder-webm-vorbis: bf7c407c2cedff20999df2af8eb42d56 -> 
========================================================================
Received Import Request.
  Time since last request: 1242.260885 seconds.
  path: Assets/Prefab/Sphere.prefab
  artifactKey: Guid(3861379d5e757e64aa4ff36e72aecb01) Importer(815301076,1909f56bfc062723c751e8b465ee728b)
Start importing Assets/Prefab/Sphere.prefab using Guid(3861379d5e757e64aa4ff36e72aecb01) Importer(815301076,1909f56bfc062723c751e8b465ee728b)  -> (artifact id: 'a50d35df5f6193ef29a4b8cf2e0e3fc7') in 0.804671 seconds 
  Import took 0.810406 seconds .

========================================================================
Received Prepare
Refreshing native plugins compatible for Editor in 8.58 ms, found 2 plugins.
Preloading 0 native plugins for Editor in 0.00 ms.
Unloading 12 Unused Serialized files (Serialized files now loaded: 0)
System memory in use before: 45.1 MB.
System memory in use after: 45.2 MB.

Unloading 13 unused Assets to reduce memory usage. Loaded Objects now: 2202.
Total: 7.736000 ms (FindLiveObjects: 0.488400 ms CreateObjectMapping: 0.149000 ms MarkObjects: 6.964000 ms  DeleteObjects: 0.131600 ms)

AssetImportParameters requested are different than current active one (requested -> active):
  custom:framework-win-MediaFoundation: 216162199b28c13a410421893ffa2e32 -> 
  custom:video-decoder-ogg-theora: a1e56fd34408186e4bbccfd4996cb3dc -> 
  custom:container-muxer-webm: aa71ff27fc2769a1b78a27578f13a17b -> 
  custom:container-demuxer-webm: 4f35f7cbe854078d1ac9338744f61a02 -> 
  custom:container-demuxer-ogg: 62fdf1f143b41e24485cea50d1cbac27 -> 
  custom:video-encoder-webm-vp8: eb34c28f22e8b96e1ab97ce403110664 -> 
  custom:video-decoder-webm-vp8: 9c59270c3fd7afecdb556c50c9e8de78 -> 
  custom:audio-decoder-ogg-vorbis: bf7c407c2cedff20999df2af8eb42d56 -> 
  custom:audio-encoder-webm-vorbis: bf7c407c2cedff20999df2af8eb42d56 -> 
========================================================================
Received Prepare
Registering precompiled user dll's ...
Registered in 0.012676 seconds.
Begin MonoManager ReloadAssembly
Native extension for WindowsStandalone target not found
Refreshing native plugins compatible for Editor in 0.96 ms, found 2 plugins.
Preloading 0 native plugins for Editor in 0.00 ms.
Mono: successfully reloaded assembly
- Completed reload, in  2.728 seconds
Domain Reload Profiling:
	ReloadAssembly (2729ms)
		BeginReloadAssembly (278ms)
			ExecutionOrderSort (0ms)
			DisableScriptedObjects (15ms)
			BackupInstance (0ms)
			ReleaseScriptingObjects (0ms)
			CreateAndSetChildDomain (77ms)
		EndReloadAssembly (2201ms)
			LoadAssemblies (242ms)
			RebuildTransferFunctionScriptingTraits (0ms)
			SetupTypeCache (710ms)
			ReleaseScriptCaches (1ms)
			RebuildScriptCaches (96ms)
			SetupLoadedEditorAssemblies (853ms)
				LogAssemblyErrors (0ms)
				InitializePlatformSupportModulesInManaged (12ms)
				SetLoadedEditorAssemblies (2ms)
				RefreshPlugins (1ms)
				BeforeProcessingInitializeOnLoad (133ms)
				ProcessInitializeOnLoadAttributes (673ms)
				ProcessInitializeOnLoadMethodAttributes (14ms)
				AfterProcessingInitializeOnLoad (18ms)
				EditorAssembliesLoaded (0ms)
			ExecutionOrderSort2 (0ms)
			AwakeInstancesAfterBackupRestoration (16ms)
Platform modules already initialized, skipping
Switching build target platform(19) subTarget(0) extendedPlatform(0) -> platform(13) subTarget(524288) extendedPlatform(0)
Refreshing native plugins compatible for Editor in 0.86 ms, found 2 plugins.
Preloading 0 native plugins for Editor in 0.00 ms.
Unloading 1735 Unused Serialized files (Serialized files now loaded: 0)
System memory in use before: 79.4 MB.
System memory in use after: 79.4 MB.

Unloading 16 unused Assets to reduce memory usage. Loaded Objects now: 2205.
Total: 6.273500 ms (FindLiveObjects: 0.511300 ms CreateObjectMapping: 0.135000 ms MarkObjects: 5.387100 ms  DeleteObjects: 0.237000 ms)

AssetImportParameters requested are different than current active one (requested -> active):
  custom:framework-win-MediaFoundation: 216162199b28c13a410421893ffa2e32 -> 
  custom:video-decoder-ogg-theora: a1e56fd34408186e4bbccfd4996cb3dc -> 
  custom:container-muxer-webm: aa71ff27fc2769a1b78a27578f13a17b -> 
  custom:container-demuxer-webm: 4f35f7cbe854078d1ac9338744f61a02 -> 
  custom:container-demuxer-ogg: 62fdf1f143b41e24485cea50d1cbac27 -> 
  custom:video-encoder-webm-vp8: eb34c28f22e8b96e1ab97ce403110664 -> 
  custom:video-decoder-webm-vp8: 9c59270c3fd7afecdb556c50c9e8de78 -> 
  custom:graphics/normal-map-encoding: 01000000000000000000000000000000 -> 02000000000000000000000000000000
  custom:audio-decoder-ogg-vorbis: bf7c407c2cedff20999df2af8eb42d56 -> 
  custom:audio-encoder-webm-vorbis: bf7c407c2cedff20999df2af8eb42d56 -> 
========================================================================
Received Import Request.
  Time since last request: 692.005271 seconds.
  path: Assets/Prefab/AR Default Plane.prefab
  artifactKey: Guid(e8f340e9411146044b6eda1a956291f8) Importer(815301076,1909f56bfc062723c751e8b465ee728b)
Start importing Assets/Prefab/AR Default Plane.prefab using Guid(e8f340e9411146044b6eda1a956291f8) Importer(815301076,1909f56bfc062723c751e8b465ee728b)  -> (artifact id: '2177f337b529ab75269b0231885dd563') in 0.212085 seconds 
  Import took 0.221765 seconds .

========================================================================
Received Import Request.
  Time since last request: 8.069191 seconds.
  path: Assets/Prefab
  artifactKey: Guid(d89db302c50b43c40b966d8e8a2cdf2f) Importer(815301076,1909f56bfc062723c751e8b465ee728b)
Start importing Assets/Prefab using Guid(d89db302c50b43c40b966d8e8a2cdf2f) Importer(815301076,1909f56bfc062723c751e8b465ee728b)  -> (artifact id: 'f3afb7aa63c45ceece08f851888703af') in 0.028075 seconds 
  Import took 0.033796 seconds .

========================================================================
Received Import Request.
  Time since last request: 7.574929 seconds.
  path: Assets/AR Default Plane.prefab
  artifactKey: Guid(823fd342d15bc4547bffd2157a914ca5) Importer(815301076,1909f56bfc062723c751e8b465ee728b)
Start importing Assets/AR Default Plane.prefab using Guid(823fd342d15bc4547bffd2157a914ca5) Importer(815301076,1909f56bfc062723c751e8b465ee728b)  -> (artifact id: '8e8a893dbe3d828a38f0d2557bb6c9e8') in 0.056718 seconds 
  Import took 0.065264 seconds .

========================================================================
Received Import Request.
  Time since last request: 7.176201 seconds.
  path: Assets/StreamingAssets
  artifactKey: Guid(c72e7381c4754424cbb052a40fcc2089) Importer(815301076,1909f56bfc062723c751e8b465ee728b)
Start importing Assets/StreamingAssets using Guid(c72e7381c4754424cbb052a40fcc2089) Importer(815301076,1909f56bfc062723c751e8b465ee728b)  -> (artifact id: 'a6761ab52590394ec453f51ffc9f3602') in 0.059485 seconds 
  Import took 0.066878 seconds .

========================================================================
Received Import Request.
  Time since last request: 4.527827 seconds.
  path: Assets/XR
  artifactKey: Guid(1ebe1c244fac561499052ebb5c2d649e) Importer(815301076,1909f56bfc062723c751e8b465ee728b)
Start importing Assets/XR using Guid(1ebe1c244fac561499052ebb5c2d649e) Importer(815301076,1909f56bfc062723c751e8b465ee728b)  -> (artifact id: '0b1dd228b9fa8593c094adede0b4030d') in 0.026315 seconds 
  Import took 0.034413 seconds .

========================================================================
Received Import Request.
  Time since last request: 0.141286 seconds.
  path: Assets/XR/XRGeneralSettings.asset
  artifactKey: Guid(7a736cce81df0f84b8d6b4cd9417068d) Importer(815301076,1909f56bfc062723c751e8b465ee728b)
Start importing Assets/XR/XRGeneralSettings.asset using Guid(7a736cce81df0f84b8d6b4cd9417068d) Importer(815301076,1909f56bfc062723c751e8b465ee728b)  -> (artifact id: 'c3abbdbbaed456dd609fc0bd265d0bd2') in 0.057189 seconds 
  Import took 0.063797 seconds .

========================================================================
Received Import Request.
  Time since last request: 126.309399 seconds.
  path: ProjectSettings/TagManager.asset
  artifactKey: Guid(00000000000000003000000000000000) Importer(815301076,1909f56bfc062723c751e8b465ee728b)
Start importing ProjectSettings/TagManager.asset using Guid(00000000000000003000000000000000) Importer(815301076,1909f56bfc062723c751e8b465ee728b)  -> (artifact id: 'ce6a35c3cddc746e7501c0bd0ed6d4ce') in 0.033640 seconds 
  Import took 0.051159 seconds .

========================================================================
Received Import Request.
  Time since last request: 0.002563 seconds.
  path: ProjectSettings/TagManager.asset
  artifactKey: Guid(00000000000000003000000000000000) Importer(815301076,1909f56bfc062723c751e8b465ee728b)
Start importing ProjectSettings/TagManager.asset using Guid(00000000000000003000000000000000) Importer(815301076,1909f56bfc062723c751e8b465ee728b)  -> (artifact id: 'ce6a35c3cddc746e7501c0bd0ed6d4ce') in 0.015855 seconds 
  Import took 0.033810 seconds .

========================================================================
Received Import Request.
  Time since last request: 74.908424 seconds.
  path: Assets/SpawnableObject.prefab
  artifactKey: Guid(424c3e20c524df04182d22bf5e0a4a2f) Importer(815301076,1909f56bfc062723c751e8b465ee728b)
Start importing Assets/SpawnableObject.prefab using Guid(424c3e20c524df04182d22bf5e0a4a2f) Importer(815301076,1909f56bfc062723c751e8b465ee728b)  -> (artifact id: 'b523c4b51a76a16be8ef5fdfad4181be') in 0.086624 seconds 
  Import took 0.096835 seconds .

========================================================================
Received Prepare
Registering precompiled user dll's ...
Registered in 0.013689 seconds.
Begin MonoManager ReloadAssembly
Native extension for WindowsStandalone target not found
Refreshing native plugins compatible for Editor in 0.88 ms, found 2 plugins.
Preloading 0 native plugins for Editor in 0.00 ms.
Mono: successfully reloaded assembly
- Completed reload, in  3.062 seconds
Domain Reload Profiling:
	ReloadAssembly (3063ms)
		BeginReloadAssembly (299ms)
			ExecutionOrderSort (0ms)
			DisableScriptedObjects (12ms)
			BackupInstance (0ms)
			ReleaseScriptingObjects (0ms)
			CreateAndSetChildDomain (89ms)
		EndReloadAssembly (2436ms)
			LoadAssemblies (265ms)
			RebuildTransferFunctionScriptingTraits (0ms)
			SetupTypeCache (814ms)
			ReleaseScriptCaches (2ms)
			RebuildScriptCaches (99ms)
			SetupLoadedEditorAssemblies (915ms)
				LogAssemblyErrors (0ms)
				InitializePlatformSupportModulesInManaged (13ms)
				SetLoadedEditorAssemblies (1ms)
				RefreshPlugins (1ms)
				BeforeProcessingInitializeOnLoad (148ms)
				ProcessInitializeOnLoadAttributes (725ms)
				ProcessInitializeOnLoadMethodAttributes (9ms)
				AfterProcessingInitializeOnLoad (18ms)
				EditorAssembliesLoaded (0ms)
			ExecutionOrderSort2 (0ms)
			AwakeInstancesAfterBackupRestoration (16ms)
Platform modules already initialized, skipping
Switching build target platform(19) subTarget(0) extendedPlatform(0) -> platform(13) subTarget(524288) extendedPlatform(0)
Refreshing native plugins compatible for Editor in 1.25 ms, found 2 plugins.
Preloading 0 native plugins for Editor in 0.00 ms.
Unloading 1736 Unused Serialized files (Serialized files now loaded: 0)
System memory in use before: 79.4 MB.
System memory in use after: 79.5 MB.

Unloading 18 unused Assets to reduce memory usage. Loaded Objects now: 2212.
Total: 4.848200 ms (FindLiveObjects: 0.462200 ms CreateObjectMapping: 0.123900 ms MarkObjects: 4.118600 ms  DeleteObjects: 0.140200 ms)

AssetImportParameters requested are different than current active one (requested -> active):
  custom:framework-win-MediaFoundation: 216162199b28c13a410421893ffa2e32 -> 
  custom:video-decoder-ogg-theora: a1e56fd34408186e4bbccfd4996cb3dc -> 
  custom:container-muxer-webm: aa71ff27fc2769a1b78a27578f13a17b -> 
  custom:container-demuxer-webm: 4f35f7cbe854078d1ac9338744f61a02 -> 
  custom:container-demuxer-ogg: 62fdf1f143b41e24485cea50d1cbac27 -> 
  custom:video-encoder-webm-vp8: eb34c28f22e8b96e1ab97ce403110664 -> 
  custom:video-decoder-webm-vp8: 9c59270c3fd7afecdb556c50c9e8de78 -> 
  custom:graphics/normal-map-encoding: 01000000000000000000000000000000 -> 02000000000000000000000000000000
  custom:audio-decoder-ogg-vorbis: bf7c407c2cedff20999df2af8eb42d56 -> 
  custom:audio-encoder-webm-vorbis: bf7c407c2cedff20999df2af8eb42d56 -> 
========================================================================
Received Import Request.
  Time since last request: 34.977292 seconds.
  path: Assets/SpawnableManager.cs
  artifactKey: Guid(25ab9514baf401947b179a183fb34dd5) Importer(815301076,1909f56bfc062723c751e8b465ee728b)
Start importing Assets/SpawnableManager.cs using Guid(25ab9514baf401947b179a183fb34dd5) Importer(815301076,1909f56bfc062723c751e8b465ee728b)  -> (artifact id: '32ee96c7dde1e7a328d8b569c31f35e4') in 0.012693 seconds 
  Import took 0.018445 seconds .

========================================================================
Received Prepare
Refreshing native plugins compatible for Editor in 395.20 ms, found 2 plugins.
Preloading 0 native plugins for Editor in 0.00 ms.
Unloading 12 Unused Serialized files (Serialized files now loaded: 0)
System memory in use before: 45.1 MB.
System memory in use after: 45.2 MB.

Unloading 12 unused Assets to reduce memory usage. Loaded Objects now: 2212.
Total: 7.948900 ms (FindLiveObjects: 1.453400 ms CreateObjectMapping: 0.230800 ms MarkObjects: 6.115300 ms  DeleteObjects: 0.146300 ms)

AssetImportParameters requested are different than current active one (requested -> active):
  custom:framework-win-MediaFoundation: 216162199b28c13a410421893ffa2e32 -> 
  custom:video-decoder-ogg-theora: a1e56fd34408186e4bbccfd4996cb3dc -> 
  custom:container-muxer-webm: aa71ff27fc2769a1b78a27578f13a17b -> 
  custom:container-demuxer-webm: 4f35f7cbe854078d1ac9338744f61a02 -> 
  custom:container-demuxer-ogg: 62fdf1f143b41e24485cea50d1cbac27 -> 
  custom:video-encoder-webm-vp8: eb34c28f22e8b96e1ab97ce403110664 -> 
  custom:video-decoder-webm-vp8: 9c59270c3fd7afecdb556c50c9e8de78 -> 
  custom:audio-decoder-ogg-vorbis: bf7c407c2cedff20999df2af8eb42d56 -> 
  custom:audio-encoder-webm-vorbis: bf7c407c2cedff20999df2af8eb42d56 -> 
========================================================================
Received Import Request.
  Time since last request: 458.746314 seconds.
  path: Assets/SpawnableObject.prefab
  artifactKey: Guid(424c3e20c524df04182d22bf5e0a4a2f) Importer(815301076,1909f56bfc062723c751e8b465ee728b)
Start importing Assets/SpawnableObject.prefab using Guid(424c3e20c524df04182d22bf5e0a4a2f) Importer(815301076,1909f56bfc062723c751e8b465ee728b)  -> (artifact id: '7cf452c94b0966d408ddba7db0e26451') in 0.268143 seconds 
  Import took 0.276231 seconds .

========================================================================
Received Import Request.
  Time since last request: 3.450035 seconds.
  path: Assets/SpawnableObject.prefab
  artifactKey: Guid(424c3e20c524df04182d22bf5e0a4a2f) Importer(815301076,1909f56bfc062723c751e8b465ee728b)
Start importing Assets/SpawnableObject.prefab using Guid(424c3e20c524df04182d22bf5e0a4a2f) Importer(815301076,1909f56bfc062723c751e8b465ee728b)  -> (artifact id: '2e41c1fe240a70e6f564f8e1a3980fa9') in 0.075822 seconds 
  Import took 0.082617 seconds .

========================================================================
Received Prepare
Refreshing native plugins compatible for Editor in 13.48 ms, found 2 plugins.
Preloading 0 native plugins for Editor in 0.00 ms.
Unloading 12 Unused Serialized files (Serialized files now loaded: 0)
System memory in use before: 45.1 MB.
System memory in use after: 45.2 MB.

Unloading 13 unused Assets to reduce memory usage. Loaded Objects now: 2213.
Total: 952.072400 ms (FindLiveObjects: 0.483300 ms CreateObjectMapping: 0.154900 ms MarkObjects: 951.299000 ms  DeleteObjects: 0.132700 ms)

AssetImportParameters requested are different than current active one (requested -> active):
  custom:framework-win-MediaFoundation: 216162199b28c13a410421893ffa2e32 -> 
  custom:video-decoder-ogg-theora: a1e56fd34408186e4bbccfd4996cb3dc -> 
  custom:container-muxer-webm: aa71ff27fc2769a1b78a27578f13a17b -> 
  custom:container-demuxer-webm: 4f35f7cbe854078d1ac9338744f61a02 -> 
  custom:container-demuxer-ogg: 62fdf1f143b41e24485cea50d1cbac27 -> 
  custom:video-encoder-webm-vp8: eb34c28f22e8b96e1ab97ce403110664 -> 
  custom:video-decoder-webm-vp8: 9c59270c3fd7afecdb556c50c9e8de78 -> 
  custom:audio-decoder-ogg-vorbis: bf7c407c2cedff20999df2af8eb42d56 -> 
  custom:audio-encoder-webm-vorbis: bf7c407c2cedff20999df2af8eb42d56 -> 
========================================================================
Received Import Request.
  Time since last request: 34.985214 seconds.
  path: Assets/SpawnableObject.prefab
  artifactKey: Guid(424c3e20c524df04182d22bf5e0a4a2f) Importer(815301076,1909f56bfc062723c751e8b465ee728b)
Start importing Assets/SpawnableObject.prefab using Guid(424c3e20c524df04182d22bf5e0a4a2f) Importer(815301076,1909f56bfc062723c751e8b465ee728b)  -> (artifact id: '171d00610728d80c171a5402d4aef971') in 0.078869 seconds 
  Import took 0.085428 seconds .

========================================================================
Received Import Request.
  Time since last request: 0.711665 seconds.
  path: Assets/SpawnableObject.prefab
  artifactKey: Guid(424c3e20c524df04182d22bf5e0a4a2f) Importer(815301076,1909f56bfc062723c751e8b465ee728b)
Start importing Assets/SpawnableObject.prefab using Guid(424c3e20c524df04182d22bf5e0a4a2f) Importer(815301076,1909f56bfc062723c751e8b465ee728b)  -> (artifact id: '171d00610728d80c171a5402d4aef971') in 0.047696 seconds 
  Import took 0.053833 seconds .

========================================================================
Received Prepare
Refreshing native plugins compatible for Editor in 65.44 ms, found 2 plugins.
Preloading 0 native plugins for Editor in 0.00 ms.
Unloading 12 Unused Serialized files (Serialized files now loaded: 0)
System memory in use before: 45.2 MB.
System memory in use after: 45.3 MB.

Unloading 13 unused Assets to reduce memory usage. Loaded Objects now: 2213.
Total: 136.103500 ms (FindLiveObjects: 0.477600 ms CreateObjectMapping: 0.139600 ms MarkObjects: 134.895400 ms  DeleteObjects: 0.587400 ms)

AssetImportParameters requested are different than current active one (requested -> active):
  custom:framework-win-MediaFoundation: 216162199b28c13a410421893ffa2e32 -> 
  custom:video-decoder-ogg-theora: a1e56fd34408186e4bbccfd4996cb3dc -> 
  custom:container-muxer-webm: aa71ff27fc2769a1b78a27578f13a17b -> 
  custom:container-demuxer-webm: 4f35f7cbe854078d1ac9338744f61a02 -> 
  custom:container-demuxer-ogg: 62fdf1f143b41e24485cea50d1cbac27 -> 
  custom:video-encoder-webm-vp8: eb34c28f22e8b96e1ab97ce403110664 -> 
  custom:video-decoder-webm-vp8: 9c59270c3fd7afecdb556c50c9e8de78 -> 
  custom:audio-decoder-ogg-vorbis: bf7c407c2cedff20999df2af8eb42d56 -> 
  custom:audio-encoder-webm-vorbis: bf7c407c2cedff20999df2af8eb42d56 -> 
========================================================================
Received Prepare
Registering precompiled user dll's ...
Registered in 0.050808 seconds.
Begin MonoManager ReloadAssembly
Native extension for WindowsStandalone target not found
Refreshing native plugins compatible for Editor in 0.90 ms, found 2 plugins.
Preloading 0 native plugins for Editor in 0.00 ms.
Mono: successfully reloaded assembly
- Completed reload, in  3.282 seconds
Domain Reload Profiling:
	ReloadAssembly (3284ms)
		BeginReloadAssembly (358ms)
			ExecutionOrderSort (0ms)
			DisableScriptedObjects (15ms)
			BackupInstance (0ms)
			ReleaseScriptingObjects (0ms)
			CreateAndSetChildDomain (152ms)
		EndReloadAssembly (2717ms)
			LoadAssemblies (266ms)
			RebuildTransferFunctionScriptingTraits (0ms)
			SetupTypeCache (905ms)
			ReleaseScriptCaches (2ms)
			RebuildScriptCaches (97ms)
			SetupLoadedEditorAssemblies (985ms)
				LogAssemblyErrors (0ms)
				InitializePlatformSupportModulesInManaged (12ms)
				SetLoadedEditorAssemblies (1ms)
				RefreshPlugins (1ms)
				BeforeProcessingInitializeOnLoad (141ms)
				ProcessInitializeOnLoadAttributes (804ms)
				ProcessInitializeOnLoadMethodAttributes (9ms)
				AfterProcessingInitializeOnLoad (17ms)
				EditorAssembliesLoaded (1ms)
			ExecutionOrderSort2 (0ms)
			AwakeInstancesAfterBackupRestoration (16ms)
Platform modules already initialized, skipping
Switching build target platform(19) subTarget(0) extendedPlatform(0) -> platform(13) subTarget(524288) extendedPlatform(0)
Refreshing native plugins compatible for Editor in 1.01 ms, found 2 plugins.
Preloading 0 native plugins for Editor in 0.00 ms.
Unloading 1745 Unused Serialized files (Serialized files now loaded: 0)
System memory in use before: 79.6 MB.
System memory in use after: 79.7 MB.

Unloading 16 unused Assets to reduce memory usage. Loaded Objects now: 2225.
Total: 6.536900 ms (FindLiveObjects: 0.498000 ms CreateObjectMapping: 0.134700 ms MarkObjects: 5.745500 ms  DeleteObjects: 0.155800 ms)

AssetImportParameters requested are different than current active one (requested -> active):
  custom:framework-win-MediaFoundation: 216162199b28c13a410421893ffa2e32 -> 
  custom:video-decoder-ogg-theora: a1e56fd34408186e4bbccfd4996cb3dc -> 
  custom:container-muxer-webm: aa71ff27fc2769a1b78a27578f13a17b -> 
  custom:container-demuxer-webm: 4f35f7cbe854078d1ac9338744f61a02 -> 
  custom:container-demuxer-ogg: 62fdf1f143b41e24485cea50d1cbac27 -> 
  custom:video-encoder-webm-vp8: eb34c28f22e8b96e1ab97ce403110664 -> 
  custom:video-decoder-webm-vp8: 9c59270c3fd7afecdb556c50c9e8de78 -> 
  custom:graphics/normal-map-encoding: 01000000000000000000000000000000 -> 02000000000000000000000000000000
  custom:audio-decoder-ogg-vorbis: bf7c407c2cedff20999df2af8eb42d56 -> 
  custom:audio-encoder-webm-vorbis: bf7c407c2cedff20999df2af8eb42d56 -> 
========================================================================
Received Import Request.
  Time since last request: 1722.206951 seconds.
  path: Assets/RFA/Common/RFA_Model_Avatar.asset
  artifactKey: Guid(74e26660bb0b5ba44b498b94af79430c) Importer(815301076,1909f56bfc062723c751e8b465ee728b)
Start importing Assets/RFA/Common/RFA_Model_Avatar.asset using Guid(74e26660bb0b5ba44b498b94af79430c) Importer(815301076,1909f56bfc062723c751e8b465ee728b)  -> (artifact id: '5d1470bee318e4e92924273c55d2ec2a') in 0.094562 seconds 
  Import took 0.100330 seconds .

========================================================================
Received Import Request.
  Time since last request: 0.000507 seconds.
  path: Assets/RFA/Common/Models/RFA_demo_plane_01.obj
  artifactKey: Guid(d39df95f248e8a144b26d35cfad9c671) Importer(815301076,1909f56bfc062723c751e8b465ee728b)
Start importing Assets/RFA/Common/Models/RFA_demo_plane_01.obj using Guid(d39df95f248e8a144b26d35cfad9c671) Importer(815301076,1909f56bfc062723c751e8b465ee728b)  -> (artifact id: '12f0993f4478e115c0aee37d65d64268') in 1.526324 seconds 
  Import took 1.531658 seconds .

========================================================================
Received Import Request.
  Time since last request: 0.000587 seconds.
  path: Assets/RFA/Common/Models/RFA_demo_props_01.obj
  artifactKey: Guid(c93e194aa70989749b9705958ee6797f) Importer(815301076,1909f56bfc062723c751e8b465ee728b)
Start importing Assets/RFA/Common/Models/RFA_demo_props_01.obj using Guid(c93e194aa70989749b9705958ee6797f) Importer(815301076,1909f56bfc062723c751e8b465ee728b)  -> (artifact id: 'ef9b01e60654a940b7dd5078f9857197') in 0.251904 seconds 
  Import took 0.257483 seconds .

========================================================================
Received Import Request.
  Time since last request: 0.000431 seconds.
  path: Assets/RFA/Common/Models/RFA_demo_props_02.obj
  artifactKey: Guid(2df21ad9dbfafe84e97d1dd2cdfba130) Importer(815301076,1909f56bfc062723c751e8b465ee728b)
Start importing Assets/RFA/Common/Models/RFA_demo_props_02.obj using Guid(2df21ad9dbfafe84e97d1dd2cdfba130) Importer(815301076,1909f56bfc062723c751e8b465ee728b)  -> (artifact id: '3532b974db3853dc2f15b55387fbd41d') in 0.132933 seconds 
  Import took 0.139508 seconds .

========================================================================
Received Import Request.
  Time since last request: 0.000398 seconds.
  path: Assets/RFA/Common/Models
  artifactKey: Guid(0e66b950c5059b1478fcc9ac81f72aa1) Importer(815301076,1909f56bfc062723c751e8b465ee728b)
Start importing Assets/RFA/Common/Models using Guid(0e66b950c5059b1478fcc9ac81f72aa1) Importer(815301076,1909f56bfc062723c751e8b465ee728b)  -> (artifact id: 'fbe34ddd07f124d862d09a3dbb203ed2') in 0.018153 seconds 
  Import took 0.027021 seconds .

========================================================================
Received Import Request.
  Time since last request: 0.000549 seconds.
  path: Assets/RFA/Common
  artifactKey: Guid(9126b1a6bfa6fa44aab25c56a59693e0) Importer(815301076,1909f56bfc062723c751e8b465ee728b)
Start importing Assets/RFA/Common using Guid(9126b1a6bfa6fa44aab25c56a59693e0) Importer(815301076,1909f56bfc062723c751e8b465ee728b)  -> (artifact id: '472ba45517990ecbd059ad897a574970') in 0.046762 seconds 
  Import took 0.052481 seconds .

========================================================================
Received Import Request.
  Time since last request: 0.000382 seconds.
  path: Assets/RFA
  artifactKey: Guid(8fe3cf0b999f0cc4c815f5522e889b77) Importer(815301076,1909f56bfc062723c751e8b465ee728b)
Start importing Assets/RFA using Guid(8fe3cf0b999f0cc4c815f5522e889b77) Importer(815301076,1909f56bfc062723c751e8b465ee728b)  -> (artifact id: 'd6534ac937a9d342d938e96c0b14d850') in 0.022094 seconds 
  Import took 0.030431 seconds .

========================================================================
Received Import Request.
  Time since last request: 1.035777 seconds.
  path: Assets/RFA/Common/Prefabs
  artifactKey: Guid(68da9a626deba7f41a1857cea7d21b26) Importer(815301076,1909f56bfc062723c751e8b465ee728b)
Start importing Assets/RFA/Common/Prefabs using Guid(68da9a626deba7f41a1857cea7d21b26) Importer(815301076,1909f56bfc062723c751e8b465ee728b)  -> (artifact id: '31466305605bfb3fabe2d926851a927b') in 0.017570 seconds 
  Import took 0.025800 seconds .

========================================================================
Received Import Request.
  Time since last request: 0.001928 seconds.
  path: Assets/RFA/Common/Prefabs
  artifactKey: Guid(68da9a626deba7f41a1857cea7d21b26) Importer(815301076,1909f56bfc062723c751e8b465ee728b)
Start importing Assets/RFA/Common/Prefabs using Guid(68da9a626deba7f41a1857cea7d21b26) Importer(815301076,1909f56bfc062723c751e8b465ee728b)  -> (artifact id: '31466305605bfb3fabe2d926851a927b') in 0.009394 seconds 
  Import took 0.030346 seconds .

========================================================================
Received Import Request.
  Time since last request: 0.459906 seconds.
  path: Assets/RFA/Common/Prefabs/Player-base.prefab
  artifactKey: Guid(10a99c550d68610468d14ba69c5e5309) Importer(815301076,1909f56bfc062723c751e8b465ee728b)
Start importing Assets/RFA/Common/Prefabs/Player-base.prefab using Guid(10a99c550d68610468d14ba69c5e5309) Importer(815301076,1909f56bfc062723c751e8b465ee728b)  -> (artifact id: 'e3f89f7350df07f02538e616497c8ff1') in 0.023733 seconds 
  Import took 0.174237 seconds .

========================================================================
Received Import Request.
  Time since last request: 12.918966 seconds.
  path: Assets/RFA/Common/Prefabs/Camera
  artifactKey: Guid(f5a6581d42d3bbc458410de78a9ef530) Importer(815301076,1909f56bfc062723c751e8b465ee728b)
Start importing Assets/RFA/Common/Prefabs/Camera using Guid(f5a6581d42d3bbc458410de78a9ef530) Importer(815301076,1909f56bfc062723c751e8b465ee728b)  -> (artifact id: 'd54c9403a428c5f921324e96a4ae036c') in 0.035434 seconds 
  Import took 0.042089 seconds .

========================================================================
Received Import Request.
  Time since last request: 0.038176 seconds.
  path: Assets/RFA/Common/Prefabs/Camera/CameraRig.prefab
  artifactKey: Guid(80844b2319340044da27db99208a9eac) Importer(815301076,1909f56bfc062723c751e8b465ee728b)
Start importing Assets/RFA/Common/Prefabs/Camera/CameraRig.prefab using Guid(80844b2319340044da27db99208a9eac) Importer(815301076,1909f56bfc062723c751e8b465ee728b)  -> (artifact id: '80e7be54877d91417cb83e5b5b820286') in 0.032165 seconds 
  Import took 0.041989 seconds .

========================================================================
Received Import Request.
  Time since last request: 0.000419 seconds.
  path: Assets/RFA/Common/Prefabs/Camera/SpringArm.prefab
  artifactKey: Guid(d156b914596d0ae43ba2c7656cef2c47) Importer(815301076,1909f56bfc062723c751e8b465ee728b)
Start importing Assets/RFA/Common/Prefabs/Camera/SpringArm.prefab using Guid(d156b914596d0ae43ba2c7656cef2c47) Importer(815301076,1909f56bfc062723c751e8b465ee728b)  -> (artifact id: '1136615e0f3a0ceea3decd7279ba1799') in 0.024182 seconds 
  Import took 0.031510 seconds .

========================================================================
Received Import Request.
  Time since last request: 7.770373 seconds.
  path: Assets/RFA/Default Render
  artifactKey: Guid(a5b540c8f1eb83144a3499b7b17c7f8b) Importer(815301076,1909f56bfc062723c751e8b465ee728b)
Start importing Assets/RFA/Default Render using Guid(a5b540c8f1eb83144a3499b7b17c7f8b) Importer(815301076,1909f56bfc062723c751e8b465ee728b)  -> (artifact id: '6cd8115886433b89970a974920f32ce7') in 0.025977 seconds 
  Import took 0.075451 seconds .

========================================================================
Received Import Request.
  Time since last request: 0.376202 seconds.
  path: Assets/RFA/HDRP
  artifactKey: Guid(139d23e3b219ac6419da09023dfdb716) Importer(815301076,1909f56bfc062723c751e8b465ee728b)
Start importing Assets/RFA/HDRP using Guid(139d23e3b219ac6419da09023dfdb716) Importer(815301076,1909f56bfc062723c751e8b465ee728b)  -> (artifact id: '95801c5095dc0d242014ba713690f43e') in 0.024255 seconds 
  Import took 0.031473 seconds .

========================================================================
Received Import Request.
  Time since last request: 0.006544 seconds.
  path: Assets/RFA/HDRP
  artifactKey: Guid(139d23e3b219ac6419da09023dfdb716) Importer(815301076,1909f56bfc062723c751e8b465ee728b)
Start importing Assets/RFA/HDRP using Guid(139d23e3b219ac6419da09023dfdb716) Importer(815301076,1909f56bfc062723c751e8b465ee728b)  -> (artifact id: '95801c5095dc0d242014ba713690f43e') in 0.018031 seconds 
  Import took 0.024254 seconds .

========================================================================
Received Import Request.
  Time since last request: 0.378627 seconds.
  path: Assets/RFA/URP
  artifactKey: Guid(0f6aca9d779cc0b40b32b3bf7081eeb2) Importer(815301076,1909f56bfc062723c751e8b465ee728b)
Start importing Assets/RFA/URP using Guid(0f6aca9d779cc0b40b32b3bf7081eeb2) Importer(815301076,1909f56bfc062723c751e8b465ee728b)  -> (artifact id: 'de8b9498bc345caeb6a242c59b83e665') in 0.030177 seconds 
  Import took 0.038029 seconds .

========================================================================
Received Import Request.
  Time since last request: 14.334348 seconds.
  path: Assets/RFA/Common/Animations
  artifactKey: Guid(d600c114e9b983d48b71da7818b527c3) Importer(815301076,1909f56bfc062723c751e8b465ee728b)
Start importing Assets/RFA/Common/Animations using Guid(d600c114e9b983d48b71da7818b527c3) Importer(815301076,1909f56bfc062723c751e8b465ee728b)  -> (artifact id: '735e68a331cc2a1c9882ef2ec96bb8fd') in 0.024001 seconds 
  Import took 0.030518 seconds .

========================================================================
Received Import Request.
  Time since last request: 6.127561 seconds.
  path: Assets/RFA/Common/Plugins
  artifactKey: Guid(d0b7900e26ad9db459f1a1e4b71b3086) Importer(815301076,1909f56bfc062723c751e8b465ee728b)
Start importing Assets/RFA/Common/Plugins using Guid(d0b7900e26ad9db459f1a1e4b71b3086) Importer(815301076,1909f56bfc062723c751e8b465ee728b)  -> (artifact id: '01eb382107bee51ef9cb82014b066aa9') in 0.023364 seconds 
  Import took 0.029240 seconds .

========================================================================
Received Import Request.
  Time since last request: 0.015121 seconds.
  path: Assets/RFA/Common/Plugins
  artifactKey: Guid(d0b7900e26ad9db459f1a1e4b71b3086) Importer(815301076,1909f56bfc062723c751e8b465ee728b)
Start importing Assets/RFA/Common/Plugins using Guid(d0b7900e26ad9db459f1a1e4b71b3086) Importer(815301076,1909f56bfc062723c751e8b465ee728b)  -> (artifact id: '01eb382107bee51ef9cb82014b066aa9') in 0.008872 seconds 
  Import took 0.024420 seconds .

========================================================================
Received Import Request.
  Time since last request: 1.116174 seconds.
  path: Assets/RFA/Common/Plugins/NaughtyCharacter
  artifactKey: Guid(9fff91e59d2c9a54d8ede72ace93e7a4) Importer(815301076,1909f56bfc062723c751e8b465ee728b)
Start importing Assets/RFA/Common/Plugins/NaughtyCharacter using Guid(9fff91e59d2c9a54d8ede72ace93e7a4) Importer(815301076,1909f56bfc062723c751e8b465ee728b)  -> (artifact id: '8d6c8b20f36c7ab18665f8ff230b0292') in 0.028884 seconds 
  Import took 0.038844 seconds .

========================================================================
Received Import Request.
  Time since last request: 19.017513 seconds.
  path: Assets/RFA/Common/Animations/RFA_Ability.fbx
  artifactKey: Guid(3daed73aaa261044bb488c5192b75adf) Importer(815301076,1909f56bfc062723c751e8b465ee728b)
Start importing Assets/RFA/Common/Animations/RFA_Ability.fbx using Guid(3daed73aaa261044bb488c5192b75adf) Importer(815301076,1909f56bfc062723c751e8b465ee728b)  -> (artifact id: 'ad52906c01f01c0ca01c6d2d72a5b1fd') in 0.052615 seconds 
  Import took 0.060224 seconds .

========================================================================
Received Import Request.
  Time since last request: 0.000414 seconds.
  path: Assets/RFA/Common/Animations/RFA_Jump_Start.fbx
  artifactKey: Guid(64cc65008646d564084073af2c37ed30) Importer(815301076,1909f56bfc062723c751e8b465ee728b)
Start importing Assets/RFA/Common/Animations/RFA_Jump_Start.fbx using Guid(64cc65008646d564084073af2c37ed30) Importer(815301076,1909f56bfc062723c751e8b465ee728b)  -> (artifact id: '9c116c064cb5fae9f5004d6c534bce45') in 0.032679 seconds 
  Import took 0.039519 seconds .

========================================================================
Received Import Request.
  Time since last request: 0.000429 seconds.
  path: Assets/RFA/Common/Animations/RFA_Death.fbx
  artifactKey: Guid(30eda05c7efb2da439ec9229550847ef) Importer(815301076,1909f56bfc062723c751e8b465ee728b)
Start importing Assets/RFA/Common/Animations/RFA_Death.fbx using Guid(30eda05c7efb2da439ec9229550847ef) Importer(815301076,1909f56bfc062723c751e8b465ee728b)  -> (artifact id: 'fcb0a436d4a6e6c46710dd17bf76cfc4') in 0.043120 seconds 
  Import took 0.054431 seconds .

========================================================================
Received Import Request.
  Time since last request: 0.000519 seconds.
  path: Assets/RFA/Common/Animations/RFA_RunRight.fbx
  artifactKey: Guid(622a83f5c494f0240a3b6e79b30a8d8c) Importer(815301076,1909f56bfc062723c751e8b465ee728b)
Start importing Assets/RFA/Common/Animations/RFA_RunRight.fbx using Guid(622a83f5c494f0240a3b6e79b30a8d8c) Importer(815301076,1909f56bfc062723c751e8b465ee728b)  -> (artifact id: 'f035aa863a0d223def23e63e22685290') in 0.064077 seconds 
  Import took 0.072157 seconds .

========================================================================
Received Import Request.
  Time since last request: 0.000492 seconds.
  path: Assets/RFA/Common/Animations/RFA_TakingDamage.fbx
  artifactKey: Guid(645f8aca4f4ba5845bc278bc9db51241) Importer(815301076,1909f56bfc062723c751e8b465ee728b)
Start importing Assets/RFA/Common/Animations/RFA_TakingDamage.fbx using Guid(645f8aca4f4ba5845bc278bc9db51241) Importer(815301076,1909f56bfc062723c751e8b465ee728b)  -> (artifact id: 'feb19e69df34c7ce45d447f7aee39f1b') in 0.045999 seconds 
  Import took 0.060254 seconds .

========================================================================
Received Import Request.
  Time since last request: 0.000403 seconds.
  path: Assets/RFA/Common/Animations/RFA_Jump_Finish.fbx
  artifactKey: Guid(257f0872b0d62c847b3bcaa32c36e042) Importer(815301076,1909f56bfc062723c751e8b465ee728b)
Start importing Assets/RFA/Common/Animations/RFA_Jump_Finish.fbx using Guid(257f0872b0d62c847b3bcaa32c36e042) Importer(815301076,1909f56bfc062723c751e8b465ee728b)  -> (artifact id: 'a8cb961025e59755f4ce8385a40cf558') in 0.040298 seconds 
  Import took 0.048649 seconds .

========================================================================
Received Import Request.
  Time since last request: 0.000533 seconds.
  path: Assets/RFA/Common/Animations/RFA_RunBackwardRight.fbx
  artifactKey: Guid(e4bb60c1556966741bb7ce416e859e89) Importer(815301076,1909f56bfc062723c751e8b465ee728b)
Start importing Assets/RFA/Common/Animations/RFA_RunBackwardRight.fbx using Guid(e4bb60c1556966741bb7ce416e859e89) Importer(815301076,1909f56bfc062723c751e8b465ee728b)  -> (artifact id: '32abe3e0f9b05cb1a0f0ffc653c6e6af') in 0.072333 seconds 
  Import took 0.080790 seconds .

========================================================================
Received Import Request.
  Time since last request: 0.000359 seconds.
  path: Assets/RFA/Common/Animations/RFA_RunBackward.fbx
  artifactKey: Guid(54d33f93da44a15439a983a005b56a61) Importer(815301076,1909f56bfc062723c751e8b465ee728b)
Start importing Assets/RFA/Common/Animations/RFA_RunBackward.fbx using Guid(54d33f93da44a15439a983a005b56a61) Importer(815301076,1909f56bfc062723c751e8b465ee728b)  -> (artifact id: '6f8c824b18cfacd6b18862f7e95dbd59') in 0.036889 seconds 
  Import took 0.043745 seconds .

========================================================================
Received Import Request.
  Time since last request: 0.000511 seconds.
  path: Assets/RFA/Common/Animations/RFA_RunBackwardLeft.fbx
  artifactKey: Guid(9703f696ba70c884da776387232619b1) Importer(815301076,1909f56bfc062723c751e8b465ee728b)
Start importing Assets/RFA/Common/Animations/RFA_RunBackwardLeft.fbx using Guid(9703f696ba70c884da776387232619b1) Importer(815301076,1909f56bfc062723c751e8b465ee728b)  -> (artifact id: '56d60cd8ad06f647453c87ba693fd3fb') in 0.043856 seconds 
  Import took 0.051360 seconds .

========================================================================
Received Import Request.
  Time since last request: 0.000478 seconds.
  path: Assets/RFA/Common/Animations/RFA_RunForwardRight.fbx
  artifactKey: Guid(92efa34394ae12e4abef630f8d20c7c1) Importer(815301076,1909f56bfc062723c751e8b465ee728b)
Start importing Assets/RFA/Common/Animations/RFA_RunForwardRight.fbx using Guid(92efa34394ae12e4abef630f8d20c7c1) Importer(815301076,1909f56bfc062723c751e8b465ee728b)  -> (artifact id: 'c437d297f794d7b84705832e9c3b9859') in 0.039417 seconds 
  Import took 0.048056 seconds .

========================================================================
Received Import Request.
  Time since last request: 0.000382 seconds.
  path: Assets/RFA/Common/Animations/RFA_Stun.fbx
  artifactKey: Guid(bf08f99d9e14eee4ab79f9206fb35921) Importer(815301076,1909f56bfc062723c751e8b465ee728b)
Start importing Assets/RFA/Common/Animations/RFA_Stun.fbx using Guid(bf08f99d9e14eee4ab79f9206fb35921) Importer(815301076,1909f56bfc062723c751e8b465ee728b)  -> (artifact id: '0670c9714f25fccf78cea0d3c33970a2') in 0.116891 seconds 
  Import took 0.132726 seconds .

========================================================================
Received Import Request.
  Time since last request: 0.000571 seconds.
  path: Assets/RFA/Common/Animations/RFA_Jump_Middle.fbx
  artifactKey: Guid(071c2eb8ffd4bfe49894ab6ab8326889) Importer(815301076,1909f56bfc062723c751e8b465ee728b)
Start importing Assets/RFA/Common/Animations/RFA_Jump_Middle.fbx using Guid(071c2eb8ffd4bfe49894ab6ab8326889) Importer(815301076,1909f56bfc062723c751e8b465ee728b)  -> (artifact id: '2ce6743b0d5c24149918b221b580a8f8') in 0.029918 seconds 
  Import took 0.037981 seconds .

========================================================================
Received Import Request.
  Time since last request: 0.000432 seconds.
  path: Assets/RFA/Common/Animations/RFA_Jump.fbx
  artifactKey: Guid(4a32f194c8c0f2548b10d6ede9c0d1c7) Importer(815301076,1909f56bfc062723c751e8b465ee728b)
Start importing Assets/RFA/Common/Animations/RFA_Jump.fbx using Guid(4a32f194c8c0f2548b10d6ede9c0d1c7) Importer(815301076,1909f56bfc062723c751e8b465ee728b)  -> (artifact id: 'f5fc1c47d1ecf05cd5010941f22c41bd') in 0.029697 seconds 
  Import took 0.036329 seconds .

========================================================================
Received Import Request.
  Time since last request: 0.000489 seconds.
  path: Assets/RFA/Common/Animations/RFA_RunForwardLeft.fbx
  artifactKey: Guid(864b7e04bdb0cdd46b16088f2f096a02) Importer(815301076,1909f56bfc062723c751e8b465ee728b)
Start importing Assets/RFA/Common/Animations/RFA_RunForwardLeft.fbx using Guid(864b7e04bdb0cdd46b16088f2f096a02) Importer(815301076,1909f56bfc062723c751e8b465ee728b)  -> (artifact id: 'f332006c734fc2a8d34d1bcd77ff1fbf') in 0.036737 seconds 
  Import took 0.044672 seconds .

========================================================================
Received Import Request.
  Time since last request: 0.000493 seconds.
  path: Assets/RFA/Common/Animations/RFA_Attack.fbx
  artifactKey: Guid(8f130dfdeb07b1645bc7fdc8a0528f35) Importer(815301076,1909f56bfc062723c751e8b465ee728b)
Start importing Assets/RFA/Common/Animations/RFA_Attack.fbx using Guid(8f130dfdeb07b1645bc7fdc8a0528f35) Importer(815301076,1909f56bfc062723c751e8b465ee728b)  -> (artifact id: '98dd137080e0d63f553d727dad9ea957') in 0.034981 seconds 
  Import took 0.044809 seconds .

========================================================================
Received Import Request.
  Time since last request: 0.000538 seconds.
  path: Assets/RFA/Common/Animations/RFA_Idle.fbx
  artifactKey: Guid(c745ea50a20486f4a976bc20032453eb) Importer(815301076,1909f56bfc062723c751e8b465ee728b)
Start importing Assets/RFA/Common/Animations/RFA_Idle.fbx using Guid(c745ea50a20486f4a976bc20032453eb) Importer(815301076,1909f56bfc062723c751e8b465ee728b)  -> (artifact id: 'da46ef269321caef3b79f404a468c71f') in 0.044984 seconds 
  Import took 0.053150 seconds .

========================================================================
Received Import Request.
  Time since last request: 0.000731 seconds.
  path: Assets/RFA/Common/Animations/RFA_CombatIdle.fbx
  artifactKey: Guid(2f90c21b030ce08488367c362232c454) Importer(815301076,1909f56bfc062723c751e8b465ee728b)
Start importing Assets/RFA/Common/Animations/RFA_CombatIdle.fbx using Guid(2f90c21b030ce08488367c362232c454) Importer(815301076,1909f56bfc062723c751e8b465ee728b)  -> (artifact id: '669fa4a1aac39cc97a7649dc305bf562') in 0.094338 seconds 
  Import took 0.107774 seconds .

========================================================================
Received Import Request.
  Time since last request: 0.000970 seconds.
  path: Assets/RFA/Common/Animations/RFA_RunLeft.fbx
  artifactKey: Guid(c0547b69f0b02644daf2c3159d5550dd) Importer(815301076,1909f56bfc062723c751e8b465ee728b)
Start importing Assets/RFA/Common/Animations/RFA_RunLeft.fbx using Guid(c0547b69f0b02644daf2c3159d5550dd) Importer(815301076,1909f56bfc062723c751e8b465ee728b)  -> (artifact id: '24637a5c5a8c4600e44323ac6dc12797') in 0.158109 seconds 
  Import took 0.165314 seconds .

========================================================================
Received Import Request.
  Time since last request: 0.000570 seconds.
  path: Assets/RFA/Common/Animations/RFA_RunForward.fbx
  artifactKey: Guid(580b9029325acee44b5895fa4ebc04bf) Importer(815301076,1909f56bfc062723c751e8b465ee728b)
Start importing Assets/RFA/Common/Animations/RFA_RunForward.fbx using Guid(580b9029325acee44b5895fa4ebc04bf) Importer(815301076,1909f56bfc062723c751e8b465ee728b)  -> (artifact id: '407ecb0d390e8ae5c45804665d264f32') in 0.137336 seconds 
  Import took 0.155646 seconds .

========================================================================
Received Import Request.
  Time since last request: 0.287651 seconds.
  path: Assets/RFA/Common/Animations/RFA_RunForward.fbx
  artifactKey: Guid(580b9029325acee44b5895fa4ebc04bf) Importer(815301076,1909f56bfc062723c751e8b465ee728b)
Start importing Assets/RFA/Common/Animations/RFA_RunForward.fbx using Guid(580b9029325acee44b5895fa4ebc04bf) Importer(815301076,1909f56bfc062723c751e8b465ee728b)  -> (artifact id: '407ecb0d390e8ae5c45804665d264f32') in 0.071593 seconds 
  Import took 0.133214 seconds .

========================================================================
Received Import Request.
  Time since last request: 60.936118 seconds.
  path: Assets/RFA/HDRP/RFAPostProcessingSettings.asset
  artifactKey: Guid(ef0b41f8c370f464a94f91192e63529c) Importer(815301076,1909f56bfc062723c751e8b465ee728b)
Start importing Assets/RFA/HDRP/RFAPostProcessingSettings.asset using Guid(ef0b41f8c370f464a94f91192e63529c) Importer(815301076,1909f56bfc062723c751e8b465ee728b)  -> (artifact id: '3d63c60d7ecf48b69f99a638409ec351') in 0.172812 seconds 
  Import took 0.190336 seconds .

========================================================================
Received Import Request.
  Time since last request: 3.940455 seconds.
  path: Assets/RFA/HDRP/Scenes
  artifactKey: Guid(b05b6fcd4a0c59b43b230e68baaf57e5) Importer(815301076,1909f56bfc062723c751e8b465ee728b)
Start importing Assets/RFA/HDRP/Scenes using Guid(b05b6fcd4a0c59b43b230e68baaf57e5) Importer(815301076,1909f56bfc062723c751e8b465ee728b)  -> (artifact id: '89aa280203d23104897749a296668152') in 0.030669 seconds 
  Import took 0.036814 seconds .

========================================================================
Received Import Request.
  Time since last request: 2.411916 seconds.
  path: Assets/RFA/HDRP/Scenes/RFA.unity
  artifactKey: Guid(2ef37f04a486bfc4b82cc9334f650276) Importer(815301076,1909f56bfc062723c751e8b465ee728b)
Start importing Assets/RFA/HDRP/Scenes/RFA.unity using Guid(2ef37f04a486bfc4b82cc9334f650276) Importer(815301076,1909f56bfc062723c751e8b465ee728b)  -> (artifact id: '7ff86c3aea6954f42ea9bb7c84290a8b') in 0.033093 seconds 
  Import took 0.040739 seconds .

========================================================================
Received Import Request.
  Time since last request: 0.875283 seconds.
  path: Assets/RFA/HDRP/Scenes/RFA
  artifactKey: Guid(5b66dc04591ab3c4b90648b0f8bcc24b) Importer(815301076,1909f56bfc062723c751e8b465ee728b)
Start importing Assets/RFA/HDRP/Scenes/RFA using Guid(5b66dc04591ab3c4b90648b0f8bcc24b) Importer(815301076,1909f56bfc062723c751e8b465ee728b)  -> (artifact id: 'dc8df954c874585cf0334010a9613e6a') in 0.029383 seconds 
  Import took 0.037452 seconds .

========================================================================
Received Import Request.
  Time since last request: 0.033884 seconds.
  path: Assets/RFA/HDRP/Scenes/RFA/LightingData.asset
  artifactKey: Guid(7dd4a5094cb2afb488d72d26c3ce83d9) Importer(815301076,1909f56bfc062723c751e8b465ee728b)
Start importing Assets/RFA/HDRP/Scenes/RFA/LightingData.asset using Guid(7dd4a5094cb2afb488d72d26c3ce83d9) Importer(815301076,1909f56bfc062723c751e8b465ee728b)  -> (artifact id: '554aa908e95b82cbe75f8feaaab19de0') in 0.095483 seconds 
  Import took 0.102980 seconds .

========================================================================
Received Import Request.
  Time since last request: 3.627922 seconds.
  path: Assets/RFA/HDRP/Prefabs
  artifactKey: Guid(b897b1d393d7e604fa0f171591e7e66d) Importer(815301076,1909f56bfc062723c751e8b465ee728b)
Start importing Assets/RFA/HDRP/Prefabs using Guid(b897b1d393d7e604fa0f171591e7e66d) Importer(815301076,1909f56bfc062723c751e8b465ee728b)  -> (artifact id: 'b5f5762368ae07d06993451c855097e8') in 0.048927 seconds 
  Import took 0.067948 seconds .

========================================================================
Received Import Request.
  Time since last request: 0.342667 seconds.
  path: Assets/RFA/HDRP/Prefabs/Player-HDRP.prefab
  artifactKey: Guid(24052545370909440a8eac7fa3635890) Importer(815301076,1909f56bfc062723c751e8b465ee728b)
Start importing Assets/RFA/HDRP/Prefabs/Player-HDRP.prefab using Guid(24052545370909440a8eac7fa3635890) Importer(815301076,1909f56bfc062723c751e8b465ee728b)  -> (artifact id: '4f1e2594a9f1834ac71a9ba01a971a07') in 0.584714 seconds 
  Import took 0.602553 seconds .

========================================================================
Received Import Request.
  Time since last request: 22.020823 seconds.
  path: Assets/RFA/HDRP/Prefabs/Player-HDRP.prefab
  artifactKey: Guid(24052545370909440a8eac7fa3635890) Importer(815301076,1909f56bfc062723c751e8b465ee728b)
Start importing Assets/RFA/HDRP/Prefabs/Player-HDRP.prefab using Guid(24052545370909440a8eac7fa3635890) Importer(815301076,1909f56bfc062723c751e8b465ee728b)  -> (artifact id: 'd7c2d19202c2515041ba9cfbc6d2791f') in 0.367169 seconds 
  Import took 0.384259 seconds .

========================================================================
Received Import Request.
  Time since last request: 1.259810 seconds.
  path: Assets/RFA/HDRP/Prefabs/Player-HDRP.prefab
  artifactKey: Guid(24052545370909440a8eac7fa3635890) Importer(815301076,1909f56bfc062723c751e8b465ee728b)
Start importing Assets/RFA/HDRP/Prefabs/Player-HDRP.prefab using Guid(24052545370909440a8eac7fa3635890) Importer(815301076,1909f56bfc062723c751e8b465ee728b)  -> (artifact id: '2057fb6c73f3d46fedac19b9eea63ae9') in 0.463508 seconds 
  Import took 0.483857 seconds .

========================================================================
Received Import Request.
  Time since last request: 5.275446 seconds.
  path: Assets/RFA/HDRP/Prefabs/Player-HDRP.prefab
  artifactKey: Guid(24052545370909440a8eac7fa3635890) Importer(815301076,1909f56bfc062723c751e8b465ee728b)
Start importing Assets/RFA/HDRP/Prefabs/Player-HDRP.prefab using Guid(24052545370909440a8eac7fa3635890) Importer(815301076,1909f56bfc062723c751e8b465ee728b)  -> (artifact id: '167c2ca3fb566e4194a87841c4af044d') in 0.248877 seconds 
  Import took 0.261019 seconds .

========================================================================
Received Import Request.
  Time since last request: 73.247916 seconds.
  path: Assets/RFA/HDRP/Prefabs/Player-HDRP.prefab
  artifactKey: Guid(24052545370909440a8eac7fa3635890) Importer(815301076,1909f56bfc062723c751e8b465ee728b)
Start importing Assets/RFA/HDRP/Prefabs/Player-HDRP.prefab using Guid(24052545370909440a8eac7fa3635890) Importer(815301076,1909f56bfc062723c751e8b465ee728b)  -> (artifact id: '83e3dd1e59660810b8570a37912523fb') in 0.267665 seconds 
  Import took 0.282723 seconds .

========================================================================
Received Import Request.
  Time since last request: 15.339006 seconds.
  path: Assets/RFA/HDRP/Prefabs/Player-HDRP.prefab
  artifactKey: Guid(24052545370909440a8eac7fa3635890) Importer(815301076,1909f56bfc062723c751e8b465ee728b)
Start importing Assets/RFA/HDRP/Prefabs/Player-HDRP.prefab using Guid(24052545370909440a8eac7fa3635890) Importer(815301076,1909f56bfc062723c751e8b465ee728b)  -> (artifact id: '6bbcec3335008776e51b95317d920c64') in 0.287417 seconds 
  Import took 0.317348 seconds .

========================================================================
Received Import Request.
  Time since last request: 42.765847 seconds.
  path: Assets/Player-HDRP.prefab
  artifactKey: Guid(c91f46504c8a5f64381998b3d8075010) Importer(815301076,1909f56bfc062723c751e8b465ee728b)
Start importing Assets/Player-HDRP.prefab using Guid(c91f46504c8a5f64381998b3d8075010) Importer(815301076,1909f56bfc062723c751e8b465ee728b)  -> (artifact id: '20c3fcb130241f829138088a71642478') in 0.344833 seconds 
  Import took 0.360490 seconds .

========================================================================
Received Import Request.
  Time since last request: 25.775623 seconds.
  path: Assets/RFA/Common/Scripts
  artifactKey: Guid(fa6dd69d21e17ae43b6111862c2b6ebd) Importer(815301076,1909f56bfc062723c751e8b465ee728b)
Start importing Assets/RFA/Common/Scripts using Guid(fa6dd69d21e17ae43b6111862c2b6ebd) Importer(815301076,1909f56bfc062723c751e8b465ee728b)  -> (artifact id: 'af236c0e70590f53fa8b88b8955e304c') in 0.026665 seconds 
  Import took 0.032147 seconds .

========================================================================
Received Import Request.
  Time since last request: 0.954178 seconds.
  path: Assets/RFA/Common/Textures
  artifactKey: Guid(38590578ef9cd1f46bd8e1aafdcd221f) Importer(815301076,1909f56bfc062723c751e8b465ee728b)
Start importing Assets/RFA/Common/Textures using Guid(38590578ef9cd1f46bd8e1aafdcd221f) Importer(815301076,1909f56bfc062723c751e8b465ee728b)  -> (artifact id: '19ba872667e5eaf5a6168f70a55d39b2') in 0.041257 seconds 
  Import took 0.048264 seconds .

========================================================================
Received Import Request.
  Time since last request: 0.835298 seconds.
  path: Assets/RFA/Common/Textures/Armour_BaseColor.tga
  artifactKey: Guid(763a58b72b4ccefa70fbb303d2ed1860) Importer(815301076,1909f56bfc062723c751e8b465ee728b)
Start importing Assets/RFA/Common/Textures/Armour_BaseColor.tga using Guid(763a58b72b4ccefa70fbb303d2ed1860) Importer(815301076,1909f56bfc062723c751e8b465ee728b)  -> (artifact id: '98828ffbdf1cd2849a68539c02e81227') in 0.270070 seconds 
  Import took 0.280255 seconds .

========================================================================
Received Import Request.
  Time since last request: 0.000344 seconds.
  path: Assets/RFA/Common/Textures/Hair_Normal.tga
  artifactKey: Guid(80419e6be0fe4241819b08c866165135) Importer(815301076,1909f56bfc062723c751e8b465ee728b)
Start importing Assets/RFA/Common/Textures/Hair_Normal.tga using Guid(80419e6be0fe4241819b08c866165135) Importer(815301076,1909f56bfc062723c751e8b465ee728b)  -> (artifact id: 'fb141517a51e9dfcbb54f2e5e13cf49e') in 0.160162 seconds 
  Import took 0.165710 seconds .

========================================================================
Received Import Request.
  Time since last request: 0.000835 seconds.
  path: Assets/RFA/Common/Textures/Armour_Specular.tga
  artifactKey: Guid(1f65defc14c03e0931ac9057c7231a58) Importer(815301076,1909f56bfc062723c751e8b465ee728b)
Start importing Assets/RFA/Common/Textures/Armour_Specular.tga using Guid(1f65defc14c03e0931ac9057c7231a58) Importer(815301076,1909f56bfc062723c751e8b465ee728b)  -> (artifact id: 'b3d8a402296c369cbf0e2603bfd5ccfd') in 0.129487 seconds 
  Import took 0.135072 seconds .

========================================================================
Received Import Request.
  Time since last request: 0.000505 seconds.
  path: Assets/RFA/Common/Textures/Weapon_AO.tga
  artifactKey: Guid(c1f4ce18f120fb3ce73792fb5e9e24e6) Importer(815301076,1909f56bfc062723c751e8b465ee728b)
Start importing Assets/RFA/Common/Textures/Weapon_AO.tga using Guid(c1f4ce18f120fb3ce73792fb5e9e24e6) Importer(815301076,1909f56bfc062723c751e8b465ee728b)  -> (artifact id: '1ceba9b8e89bab99ef703bbae7c7a9b7') in 0.080888 seconds 
  Import took 0.087513 seconds .

========================================================================
Received Import Request.
  Time since last request: 0.000684 seconds.
  path: Assets/RFA/Common/Textures/Weapon_Specular.tga
  artifactKey: Guid(d219334ac72fad9ab4088d05b72a5cec) Importer(815301076,1909f56bfc062723c751e8b465ee728b)
Start importing Assets/RFA/Common/Textures/Weapon_Specular.tga using Guid(d219334ac72fad9ab4088d05b72a5cec) Importer(815301076,1909f56bfc062723c751e8b465ee728b)  -> (artifact id: '605b6240ca4fed3fdccf328a4a7cb840') in 0.181673 seconds 
  Import took 0.190747 seconds .

========================================================================
Received Import Request.
  Time since last request: 0.000613 seconds.
  path: Assets/RFA/Common/Textures/Clothes_AO.tga
  artifactKey: Guid(9449baa5d3da8ac33a5a5c9134baaaa3) Importer(815301076,1909f56bfc062723c751e8b465ee728b)
Start importing Assets/RFA/Common/Textures/Clothes_AO.tga using Guid(9449baa5d3da8ac33a5a5c9134baaaa3) Importer(815301076,1909f56bfc062723c751e8b465ee728b)  -> (artifact id: 'ecd21fe060af216437e8b6af03151584') in 0.106155 seconds 
  Import took 0.117796 seconds .

========================================================================
Received Import Request.
  Time since last request: 0.000823 seconds.
  path: Assets/RFA/Common/Textures/Weapon_BaseColor.tga
  artifactKey: Guid(a79c44df6a0eda62c74618d854b229b5) Importer(815301076,1909f56bfc062723c751e8b465ee728b)
Start importing Assets/RFA/Common/Textures/Weapon_BaseColor.tga using Guid(a79c44df6a0eda62c74618d854b229b5) Importer(815301076,1909f56bfc062723c751e8b465ee728b)  -> (artifact id: '3d977cb85c60ef95a58af97ba32a0cc0') in 0.169663 seconds 
  Import took 0.176007 seconds .

========================================================================
Received Import Request.
  Time since last request: 0.000355 seconds.
  path: Assets/RFA/Common/Textures/Clothes_Specular.tga
  artifactKey: Guid(398b62c147fbb8c600710827694d91db) Importer(815301076,1909f56bfc062723c751e8b465ee728b)
Start importing Assets/RFA/Common/Textures/Clothes_Specular.tga using Guid(398b62c147fbb8c600710827694d91db) Importer(815301076,1909f56bfc062723c751e8b465ee728b)  -> (artifact id: 'a637dc04b1227c0c9485e75d0c07dcae') in 0.143126 seconds 
  Import took 0.149778 seconds .

========================================================================
Received Import Request.
  Time since last request: 0.000557 seconds.
  path: Assets/RFA/Common/Textures/Weapon_Normal.tga
  artifactKey: Guid(6b1c317e63a365d7cedd8f214568c08e) Importer(815301076,1909f56bfc062723c751e8b465ee728b)
Start importing Assets/RFA/Common/Textures/Weapon_Normal.tga using Guid(6b1c317e63a365d7cedd8f214568c08e) Importer(815301076,1909f56bfc062723c751e8b465ee728b)  -> (artifact id: '8a8b63b51c646636de95715205f34979') in 0.120851 seconds 
  Import took 0.127426 seconds .

========================================================================
Received Import Request.
  Time since last request: 0.000599 seconds.
  path: Assets/RFA/Common/Textures/Clothes_Normal.tga
  artifactKey: Guid(cbeb8d07372da681a5b616aaf3a9cd3c) Importer(815301076,1909f56bfc062723c751e8b465ee728b)
Start importing Assets/RFA/Common/Textures/Clothes_Normal.tga using Guid(cbeb8d07372da681a5b616aaf3a9cd3c) Importer(815301076,1909f56bfc062723c751e8b465ee728b)  -> (artifact id: '5b3fae333d011881d8167a46234691b2') in 0.175963 seconds 
  Import took 0.181563 seconds .

========================================================================
Received Import Request.
  Time since last request: 0.000444 seconds.
  path: Assets/RFA/Common/Textures/Head_AO.tga
  artifactKey: Guid(520c72be6f36dca3b03bb4cc38e0c684) Importer(815301076,1909f56bfc062723c751e8b465ee728b)
Start importing Assets/RFA/Common/Textures/Head_AO.tga using Guid(520c72be6f36dca3b03bb4cc38e0c684) Importer(815301076,1909f56bfc062723c751e8b465ee728b)  -> (artifact id: 'cfa8f0a9bbc0e92f114e80c0dd50c62b') in 0.203289 seconds 
  Import took 0.209065 seconds .

========================================================================
Received Import Request.
  Time since last request: 0.000418 seconds.
  path: Assets/RFA/Common/Textures/Head_BaseColor.tga
  artifactKey: Guid(44518ed0b257ff38b5ac09a885bda5c3) Importer(815301076,1909f56bfc062723c751e8b465ee728b)
Start importing Assets/RFA/Common/Textures/Head_BaseColor.tga using Guid(44518ed0b257ff38b5ac09a885bda5c3) Importer(815301076,1909f56bfc062723c751e8b465ee728b)  -> (artifact id: '3b4b79c537926e6c3cc3cd9ddb6c2113') in 0.175255 seconds 
  Import took 0.185534 seconds .

========================================================================
Received Import Request.
  Time since last request: 0.000435 seconds.
  path: Assets/RFA/Common/Textures/Hair_Specular.tga
  artifactKey: Guid(82d3e72beb057ebb884bb61234af1e3b) Importer(815301076,1909f56bfc062723c751e8b465ee728b)
Start importing Assets/RFA/Common/Textures/Hair_Specular.tga using Guid(82d3e72beb057ebb884bb61234af1e3b) Importer(815301076,1909f56bfc062723c751e8b465ee728b)  -> (artifact id: '66c1ba6fcd31db8a5298f5b589129aea') in 0.153549 seconds 
  Import took 0.159385 seconds .

========================================================================
Received Import Request.
  Time since last request: 0.000428 seconds.
  path: Assets/RFA/Common/Textures/Armour_Normal.tga
  artifactKey: Guid(99d7f0a81cba15470863f1a13a0c5f66) Importer(815301076,1909f56bfc062723c751e8b465ee728b)
Start importing Assets/RFA/Common/Textures/Armour_Normal.tga using Guid(99d7f0a81cba15470863f1a13a0c5f66) Importer(815301076,1909f56bfc062723c751e8b465ee728b)  -> (artifact id: 'f62dabc5db9c4ead7ab1617f8d1dee1d') in 0.250465 seconds 
  Import took 0.257244 seconds .

========================================================================
Received Import Request.
  Time since last request: 0.000422 seconds.
  path: Assets/RFA/Common/Textures/Head_Specular.tga
  artifactKey: Guid(d93f3a77b1026635d69cdb6f1f0b5892) Importer(815301076,1909f56bfc062723c751e8b465ee728b)
Start importing Assets/RFA/Common/Textures/Head_Specular.tga using Guid(d93f3a77b1026635d69cdb6f1f0b5892) Importer(815301076,1909f56bfc062723c751e8b465ee728b)  -> (artifact id: '835d19d2b0b72693f5e3e07d6678558f') in 0.280854 seconds 
  Import took 0.289363 seconds .

========================================================================
Received Import Request.
  Time since last request: 0.000416 seconds.
  path: Assets/RFA/Common/Textures/Head_Normal.tga
  artifactKey: Guid(3a6f5629ed77cce4b7eab10f2281f379) Importer(815301076,1909f56bfc062723c751e8b465ee728b)
Start importing Assets/RFA/Common/Textures/Head_Normal.tga using Guid(3a6f5629ed77cce4b7eab10f2281f379) Importer(815301076,1909f56bfc062723c751e8b465ee728b)  -> (artifact id: 'e43fda3109ff48a972ee64d6629e68f3') in 0.192411 seconds 
  Import took 0.198515 seconds .

========================================================================
Received Import Request.
  Time since last request: 0.000416 seconds.
  path: Assets/RFA/Common/Textures/Hair_BaseColor.tga
  artifactKey: Guid(df544e4c9467e0745ae1694bb9d85153) Importer(815301076,1909f56bfc062723c751e8b465ee728b)
Start importing Assets/RFA/Common/Textures/Hair_BaseColor.tga using Guid(df544e4c9467e0745ae1694bb9d85153) Importer(815301076,1909f56bfc062723c751e8b465ee728b)  -> (artifact id: '17abb27cd70a55afe81d1d909d3378c4') in 0.182281 seconds 
  Import took 0.188531 seconds .

========================================================================
Received Import Request.
  Time since last request: 0.000725 seconds.
  path: Assets/RFA/Common/Textures/Clothes_BaseColor.tga
  artifactKey: Guid(d58fb650987d91652c078f8da9431d21) Importer(815301076,1909f56bfc062723c751e8b465ee728b)
Start importing Assets/RFA/Common/Textures/Clothes_BaseColor.tga using Guid(d58fb650987d91652c078f8da9431d21) Importer(815301076,1909f56bfc062723c751e8b465ee728b)  -> (artifact id: '8172aa6949ea7b81da388972d3f8406b') in 0.361127 seconds 
  Import took 0.367113 seconds .

========================================================================
Received Import Request.
  Time since last request: 253.478632 seconds.
  path: Assets/RFA/Common/Scripts/Movement.cs
  artifactKey: Guid(0c5498211ab978a4baeb2c2dfb485b13) Importer(815301076,1909f56bfc062723c751e8b465ee728b)
Start importing Assets/RFA/Common/Scripts/Movement.cs using Guid(0c5498211ab978a4baeb2c2dfb485b13) Importer(815301076,1909f56bfc062723c751e8b465ee728b)  -> (artifact id: '9c0fdab642eb569e9963483b0aaef10a') in 0.025408 seconds 
  Import took 0.032050 seconds .

========================================================================
Received Import Request.
  Time since last request: 0.004499 seconds.
  path: Assets/RFA/Common/Scripts/Movement.cs
  artifactKey: Guid(0c5498211ab978a4baeb2c2dfb485b13) Importer(815301076,1909f56bfc062723c751e8b465ee728b)
Start importing Assets/RFA/Common/Scripts/Movement.cs using Guid(0c5498211ab978a4baeb2c2dfb485b13) Importer(815301076,1909f56bfc062723c751e8b465ee728b)  -> (artifact id: '9c0fdab642eb569e9963483b0aaef10a') in 0.014375 seconds 
  Import took 0.024768 seconds .

========================================================================
Received Import Request.
  Time since last request: 27.345521 seconds.
  path: Assets/Player-HDRP.prefab
  artifactKey: Guid(c91f46504c8a5f64381998b3d8075010) Importer(815301076,1909f56bfc062723c751e8b465ee728b)
Start importing Assets/Player-HDRP.prefab using Guid(c91f46504c8a5f64381998b3d8075010) Importer(815301076,1909f56bfc062723c751e8b465ee728b)  -> (artifact id: 'c78fc1210b5f2dd68db2268ff73dcf6e') in 0.815893 seconds 
  Import took 0.830889 seconds .

========================================================================
Received Import Request.
  Time since last request: 18.318061 seconds.
  path: Assets/SpawnableObject1.prefab
  artifactKey: Guid(424c3e20c524df04182d22bf5e0a4a2f) Importer(815301076,1909f56bfc062723c751e8b465ee728b)
Start importing Assets/SpawnableObject1.prefab using Guid(424c3e20c524df04182d22bf5e0a4a2f) Importer(815301076,1909f56bfc062723c751e8b465ee728b)  -> (artifact id: 'c182d354c624db727954e23813e22cd9') in 0.129049 seconds 
  Import took 0.138379 seconds .

========================================================================
Received Import Request.
  Time since last request: 0.066509 seconds.
  path: Assets/SpawnableObject1.prefab
  artifactKey: Guid(424c3e20c524df04182d22bf5e0a4a2f) Importer(815301076,1909f56bfc062723c751e8b465ee728b)
Start importing Assets/SpawnableObject1.prefab using Guid(424c3e20c524df04182d22bf5e0a4a2f) Importer(815301076,1909f56bfc062723c751e8b465ee728b)  -> (artifact id: 'c182d354c624db727954e23813e22cd9') in 0.052446 seconds 
  Import took 0.059132 seconds .

========================================================================
Received Import Request.
  Time since last request: 5.549229 seconds.
  path: Assets/SpawnableObject.prefab
  artifactKey: Guid(c91f46504c8a5f64381998b3d8075010) Importer(815301076,1909f56bfc062723c751e8b465ee728b)
Start importing Assets/SpawnableObject.prefab using Guid(c91f46504c8a5f64381998b3d8075010) Importer(815301076,1909f56bfc062723c751e8b465ee728b)  -> (artifact id: '2a1e29dafae237d2399942f3e0a44850') in 0.503277 seconds 
  Import took 0.519200 seconds .

========================================================================
Received Prepare
Refreshing native plugins compatible for Editor in 6.89 ms, found 2 plugins.
Preloading 0 native plugins for Editor in 0.00 ms.
Unloading 13 Unused Serialized files (Serialized files now loaded: 0)
System memory in use before: 64.5 MB.
System memory in use after: 64.6 MB.

Unloading 13 unused Assets to reduce memory usage. Loaded Objects now: 2265.
Total: 17.672100 ms (FindLiveObjects: 0.579800 ms CreateObjectMapping: 0.139700 ms MarkObjects: 16.802000 ms  DeleteObjects: 0.147900 ms)

AssetImportParameters requested are different than current active one (requested -> active):
  custom:framework-win-MediaFoundation: 216162199b28c13a410421893ffa2e32 -> 
  custom:video-decoder-ogg-theora: a1e56fd34408186e4bbccfd4996cb3dc -> 
  custom:container-muxer-webm: aa71ff27fc2769a1b78a27578f13a17b -> 
  custom:container-demuxer-webm: 4f35f7cbe854078d1ac9338744f61a02 -> 
  custom:container-demuxer-ogg: 62fdf1f143b41e24485cea50d1cbac27 -> 
  custom:video-encoder-webm-vp8: eb34c28f22e8b96e1ab97ce403110664 -> 
  custom:video-decoder-webm-vp8: 9c59270c3fd7afecdb556c50c9e8de78 -> 
  custom:audio-decoder-ogg-vorbis: bf7c407c2cedff20999df2af8eb42d56 -> 
  custom:audio-encoder-webm-vorbis: bf7c407c2cedff20999df2af8eb42d56 -> 
AssetImportWorkerClient::OnTransportError - code=2 error=End of file
